<?xml version="1.0" encoding="utf-8"?><testsuites name="pytest tests"><testsuite name="pytest" errors="0" failures="0" skipped="2" tests="1776" time="47.607" timestamp="2026-02-23T12:44:46.892524-08:00" hostname="chaosmonkey"><testcase classname="tests.analytics.test_investment_mix_explainer" name="test_extract_json_object_basic" time="0.019" /><testcase classname="tests.analytics.test_investment_mix_explainer" name="test_extract_json_object_with_markdown" time="0.000" /><testcase classname="tests.analytics.test_investment_mix_explainer" name="test_extract_json_object_with_preamble" time="0.000" /><testcase classname="tests.analytics.test_investment_mix_explainer" name="test_extract_json_object_invalid" time="0.000" /><testcase classname="tests.analytics.test_investment_mix_explainer" name="test_parse_and_validate_response_valid" time="0.000" /><testcase classname="tests.analytics.test_investment_mix_explainer" name="test_parse_and_validate_response_forbidden_language" time="0.000" /><testcase classname="tests.analytics.test_investment_mix_explainer" name="test_parse_and_validate_response_absolutely_forbidden" time="0.000" /><testcase classname="tests.analytics.test_investment_mix_explainer" name="test_parse_and_validate_response_common_verbs" time="0.000" /><testcase classname="tests.analytics.test_investment_mix_explainer" name="test_parse_and_validate_response_missing_summary" time="0.000" /><testcase classname="tests.analytics.test_investment_mix_explainer" name="test_parse_and_validate_response_fallback_confidence" time="0.000" /><testcase classname="tests.analytics.test_work_unit_explainer" name="test_canonical_prompt_matches_spec" time="0.000" /><testcase classname="tests.analytics.test_work_unit_explainer" name="test_extract_allowed_inputs_excludes_raw_text" time="0.000" /><testcase classname="tests.analytics.test_work_unit_explainer" name="test_prompt_includes_evidence_quality_band" time="0.000" /><testcase classname="tests.analytics.test_work_unit_explainer" name="test_prompt_includes_evidence_metadata_not_content" time="0.000" /><testcase classname="tests.analytics.test_work_unit_explainer" name="test_prompt_includes_canonical_instructions" time="0.000" /><testcase classname="tests.analytics.test_work_unit_explainer" name="test_validate_language_catches_forbidden_words" time="0.000" /><testcase classname="tests.analytics.test_work_unit_explainer" name="test_validate_language_allows_approved_words" time="0.000" /><testcase classname="tests.analytics.test_work_unit_explainer" name="test_forbidden_words_set_complete" time="0.000" /><testcase classname="tests.analytics.test_work_unit_explainer" name="test_categories_sum_approximately_one" time="0.000" /><testcase classname="tests.analytics.test_work_unit_explainer" name="test_prompt_time_range_included" time="0.000" /><testcase classname="tests.analytics.test_work_units" name="test_subcategory_scores_normalize" time="0.000" /><testcase classname="tests.analytics.test_work_units" name="test_merge_subcategory_vectors_prefers_primary" time="0.000" /><testcase classname="tests.analytics.test_work_units" name="test_evidence_quality_band" time="0.000" /><testcase classname="tests.api.auth.test_sso_module.TestSSOModuleStructure" name="test_sso_package_exports_router" time="0.000" /><testcase classname="tests.api.auth.test_sso_module.TestSSOModuleStructure" name="test_sso_router_has_no_prefix" time="0.000" /><testcase classname="tests.api.auth.test_sso_module.TestSSOModuleStructure" name="test_sso_router_has_sso_tag" time="0.000" /><testcase classname="tests.api.auth.test_sso_module.TestSSOModuleStructure" name="test_sso_endpoints_registered" time="0.000" /><testcase classname="tests.api.auth.test_sso_module.TestSSOModuleStructure" name="test_parent_router_includes_sso_routes" time="0.000" /><testcase classname="tests.api.auth.test_sso_module.TestSSOModuleStructure" name="test_parent_router_still_has_core_auth" time="0.000" /><testcase classname="tests.api.graphql.test_caching_utils" name="test_build_cache_key_is_deterministic_for_same_inputs" time="0.000" /><testcase classname="tests.api.graphql.test_caching_utils" name="test_make_cacheable_serializes_objects_and_lists" time="0.000" /><testcase classname="tests.api.graphql.test_caching_utils" name="test_cached_resolver_uses_cache_on_second_call" time="0.001" /><testcase classname="tests.api.graphql.test_caching_utils" name="test_cache_invalidator_by_tag_with_delete" time="0.000" /><testcase classname="tests.api.graphql.test_capacity_resolver" name="test_resolve_capacity_forecast_returns_result" time="0.002" /><testcase classname="tests.api.graphql.test_capacity_resolver" name="test_resolve_capacity_forecast_no_history_returns_none" time="0.001" /><testcase classname="tests.api.graphql.test_capacity_resolver" name="test_resolve_capacity_forecasts_returns_connection" time="0.001" /><testcase classname="tests.api.graphql.test_capacity_resolver" name="test_resolve_capacity_forecasts_empty_returns_empty_connection" time="0.001" /><testcase classname="tests.api.graphql.test_capacity_resolver" name="test_resolve_capacity_forecast_requires_client" time="0.001" /><testcase classname="tests.api.graphql.test_capacity_resolver" name="test_resolve_capacity_forecasts_requires_client" time="0.001" /><testcase classname="tests.api.graphql.test_graphql_loaders" name="test_cached_data_loader_uses_external_cache_for_hits" time="0.000" /><testcase classname="tests.api.graphql.test_graphql_loaders" name="test_load_dimension_values_maps_rows" time="0.000" /><testcase classname="tests.api.graphql.test_graphql_loaders" name="test_repo_and_team_loaders_return_data_in_key_order" time="0.001" /><testcase classname="tests.api.graphql.test_persisted_queries" name="test_register_and_load_persisted_query_in_memory" time="0.000" /><testcase classname="tests.api.graphql.test_persisted_queries" name="test_load_persisted_query_missing_raises_error" time="0.000" /><testcase classname="tests.api.graphql.test_persisted_queries" name="test_load_persisted_query_from_registry_file" time="0.001" /><testcase classname="tests.api.graphql.test_persisted_queries" name="test_schema_version_mismatch_raises_error" time="0.000" /><testcase classname="tests.api.graphql.test_subscriptions" name="test_utc_now_is_timezone_aware" time="0.000" /><testcase classname="tests.api.graphql.test_subscriptions" name="test_publish_helpers_emit_expected_channels" time="0.000" /><testcase classname="tests.api.graphql.test_subscriptions" name="test_subscription_metrics_updated_yields_valid_messages" time="0.001" /><testcase classname="tests.api.graphql.test_subscriptions" name="test_subscription_task_status_parses_progress" time="0.001" /><testcase classname="tests.api.services.test_filtering" name="test_filter_cache_key_is_stable_for_equivalent_filters" time="0.000" /><testcase classname="tests.api.services.test_filtering" name="test_time_window_uses_explicit_start_and_end" time="0.000" /><testcase classname="tests.api.services.test_filtering" name="test_time_window_clamps_invalid_start_date" time="0.000" /><testcase classname="tests.api.services.test_filtering" name="test_work_category_filter_strips_empty_values" time="0.000" /><testcase classname="tests.api.services.test_filtering" name="test_scope_filter_for_metric_team" time="0.000" /><testcase classname="tests.api.services.test_filtering" name="test_scope_filter_for_metric_repo_uses_resolved_repo_ids" time="0.000" /><testcase classname="tests.api.services.test_investment_flow" name="test_build_investment_flow_prefers_team" time="0.002" /><testcase classname="tests.api.services.test_investment_flow" name="test_build_investment_flow_prefers_repo" time="0.018" /><testcase classname="tests.api.services.test_investment_flow" name="test_build_investment_flow_fallbacks" time="0.001" /><testcase classname="tests.api.services.test_investment_flow" name="test_build_investment_repo_team_flow_direct_team_when_repo_missing" time="0.001" /><testcase classname="tests.api.services.test_investment_flow" name="test_build_investment_flow_team_category_repo_mode_rolls_up_repos" time="0.001" /><testcase classname="tests.api.services.test_investment_flow" name="test_build_investment_flow_team_subcategory_repo_mode_requires_drill" time="0.001" /><testcase classname="tests.api.services.test_investment_flow" name="test_build_investment_flow_team_subcategory_repo_mode" time="0.001" /><testcase classname="tests.api.services.test_oauth.TestOAuthConfig" name="test_oauth_config_creation" time="0.000" /><testcase classname="tests.api.services.test_oauth.TestOAuthConfig" name="test_oauth_config_with_custom_urls" time="0.000" /><testcase classname="tests.api.services.test_oauth.TestGitHubOAuthProvider" name="test_default_urls" time="0.000" /><testcase classname="tests.api.services.test_oauth.TestGitHubOAuthProvider" name="test_generate_authorization_request" time="0.000" /><testcase classname="tests.api.services.test_oauth.TestGitHubOAuthProvider" name="test_generate_authorization_request_with_custom_state" time="0.000" /><testcase classname="tests.api.services.test_oauth.TestGitHubOAuthProvider" name="test_exchange_code_for_token_success" time="0.001" /><testcase classname="tests.api.services.test_oauth.TestGitHubOAuthProvider" name="test_exchange_code_for_token_failure" time="0.001" /><testcase classname="tests.api.services.test_oauth.TestGitHubOAuthProvider" name="test_fetch_user_info_success" time="0.001" /><testcase classname="tests.api.services.test_oauth.TestGitHubOAuthProvider" name="test_fetch_user_info_with_private_email" time="0.001" /><testcase classname="tests.api.services.test_oauth.TestGitLabOAuthProvider" name="test_default_urls" time="0.000" /><testcase classname="tests.api.services.test_oauth.TestGitLabOAuthProvider" name="test_self_hosted_urls" time="0.000" /><testcase classname="tests.api.services.test_oauth.TestGitLabOAuthProvider" name="test_fetch_user_info_success" time="0.001" /><testcase classname="tests.api.services.test_oauth.TestGoogleOAuthProvider" name="test_default_urls" time="0.000" /><testcase classname="tests.api.services.test_oauth.TestGoogleOAuthProvider" name="test_generate_authorization_request_includes_google_params" time="0.000" /><testcase classname="tests.api.services.test_oauth.TestGoogleOAuthProvider" name="test_fetch_user_info_success" time="0.001" /><testcase classname="tests.api.services.test_oauth.TestCreateOAuthProvider" name="test_create_github_provider" time="0.000" /><testcase classname="tests.api.services.test_oauth.TestCreateOAuthProvider" name="test_create_gitlab_provider" time="0.000" /><testcase classname="tests.api.services.test_oauth.TestCreateOAuthProvider" name="test_create_gitlab_provider_with_base_url" time="0.000" /><testcase classname="tests.api.services.test_oauth.TestCreateOAuthProvider" name="test_create_google_provider" time="0.000" /><testcase classname="tests.api.services.test_oauth.TestCreateOAuthProvider" name="test_create_provider_with_enum" time="0.000" /><testcase classname="tests.api.services.test_oauth.TestCreateOAuthProvider" name="test_create_invalid_provider" time="0.000" /><testcase classname="tests.api.services.test_oauth.TestGetDefaultScopes" name="test_github_default_scopes" time="0.000" /><testcase classname="tests.api.services.test_oauth.TestGetDefaultScopes" name="test_gitlab_default_scopes" time="0.000" /><testcase classname="tests.api.services.test_oauth.TestGetDefaultScopes" name="test_google_default_scopes" time="0.000" /><testcase classname="tests.api.services.test_oauth.TestGetDefaultScopes" name="test_default_scopes_with_enum" time="0.000" /><testcase classname="tests.api.services.test_oauth.TestValidateOAuthConfig" name="test_valid_github_config" time="0.000" /><testcase classname="tests.api.services.test_oauth.TestValidateOAuthConfig" name="test_valid_gitlab_config" time="0.000" /><testcase classname="tests.api.services.test_oauth.TestValidateOAuthConfig" name="test_valid_google_config" time="0.000" /><testcase classname="tests.api.services.test_oauth.TestValidateOAuthConfig" name="test_invalid_provider_type" time="0.000" /><testcase classname="tests.api.services.test_oauth.TestValidateOAuthConfig" name="test_missing_client_id" time="0.000" /><testcase classname="tests.api.services.test_oauth.TestValidateOAuthConfig" name="test_missing_client_secret" time="0.000" /><testcase classname="tests.api.services.test_oauth.TestValidateOAuthConfig" name="test_invalid_gitlab_base_url" time="0.000" /><testcase classname="tests.api.services.test_oauth.TestValidateOAuthConfig" name="test_invalid_google_client_id" time="0.000" /><testcase classname="tests.api.services.test_oauth.TestValidateOAuthConfig" name="test_github_missing_required_scope" time="0.000" /><testcase classname="tests.api.services.test_oauth.TestValidateOAuthConfig" name="test_gitlab_missing_required_scope" time="0.000" /><testcase classname="tests.api.services.test_oauth.TestValidateOAuthConfig" name="test_google_missing_required_scope" time="0.000" /><testcase classname="tests.api.services.test_sso.TestSSOServiceSAML" name="test_process_saml_response_success" time="0.022" /><testcase classname="tests.api.services.test_sso.TestSSOServiceOIDC" name="test_process_oidc_callback_success" time="0.001" /><testcase classname="tests.api.services.test_sso.TestSSOServiceOIDC" name="test_process_oidc_callback_state_mismatch" time="0.001" /><testcase classname="tests.api.services.test_sso.TestSSOServiceOIDC" name="test_process_oidc_callback_missing_state" time="0.001" /><testcase classname="tests.api.services.test_sso.TestSSOServiceOIDC" name="test_process_oidc_callback_missing_email" time="0.001" /><testcase classname="tests.api.services.test_sso.TestSSOServiceSAMLErrors" name="test_process_saml_response_expired" time="0.001" /><testcase classname="tests.api.services.test_sso.TestSSOServiceSAMLErrors" name="test_process_saml_response_missing_email" time="0.001" /><testcase classname="tests.api.test_analytics_auth" name="test_analytics_requires_auth[GET-/api/v1/home]" time="0.002" /><testcase classname="tests.api.test_analytics_auth" name="test_analytics_requires_auth[POST-/api/v1/home]" time="0.001" /><testcase classname="tests.api.test_analytics_auth" name="test_analytics_requires_auth[GET-/api/v1/explain?metric=cycle_time]" time="0.001" /><testcase classname="tests.api.test_analytics_auth" name="test_analytics_requires_auth[GET-/api/v1/heatmap?type=team&amp;metric=commits]" time="0.001" /><testcase classname="tests.api.test_analytics_auth" name="test_analytics_requires_auth[GET-/api/v1/work-units]" time="0.001" /><testcase classname="tests.api.test_analytics_auth" name="test_analytics_requires_auth[GET-/api/v1/flame?entity_type=repo&amp;entity_id=test]" time="0.001" /><testcase classname="tests.api.test_analytics_auth" name="test_analytics_requires_auth[GET-/api/v1/quadrant?type=churn_throughput]" time="0.001" /><testcase classname="tests.api.test_analytics_auth" name="test_analytics_requires_auth[GET-/api/v1/drilldown/prs]" time="0.001" /><testcase classname="tests.api.test_analytics_auth" name="test_analytics_requires_auth[GET-/api/v1/drilldown/issues]" time="0.001" /><testcase classname="tests.api.test_analytics_auth" name="test_analytics_requires_auth[GET-/api/v1/people]" time="0.001" /><testcase classname="tests.api.test_analytics_auth" name="test_analytics_requires_auth[GET-/api/v1/opportunities]" time="0.001" /><testcase classname="tests.api.test_analytics_auth" name="test_analytics_requires_auth[GET-/api/v1/investment]" time="0.001" /><testcase classname="tests.api.test_analytics_auth" name="test_analytics_requires_auth[GET-/api/v1/sankey]" time="0.001" /><testcase classname="tests.api.test_analytics_auth" name="test_analytics_requires_auth[GET-/api/v1/filters/options]" time="0.001" /><testcase classname="tests.api.test_analytics_auth" name="test_public_endpoints_do_not_require_auth[/health]" time="0.004" /><testcase classname="tests.api.test_analytics_auth" name="test_public_endpoints_do_not_require_auth[/api/v1/meta]" time="0.001" /><testcase classname="tests.api.test_investment_explain_cache" name="test_compute_cache_key_deterministic" time="0.000" /><testcase classname="tests.api.test_investment_explain_cache" name="test_compute_cache_key_different_themes" time="0.000" /><testcase classname="tests.api.test_investment_explain_cache" name="test_compute_cache_key_different_subcategories" time="0.000" /><testcase classname="tests.api.test_investment_explain_cache" name="test_compute_cache_key_with_dict_filters" time="0.000" /><testcase classname="tests.api.test_investment_explain_cache" name="test_compute_cache_key_with_string_fallback" time="0.000" /><testcase classname="tests.api.test_investment_explain_cache" name="test_explain_investment_mix_mock_provider_skips_cache" time="0.001" /><testcase classname="tests.api.test_investment_explain_mismatch" name="test_explain_investment_mix_mismatch_warning" time="0.001" /><testcase classname="tests.api.test_investment_mix_parsing" name="test_parse_and_validate_response_handles_dict_summary" time="0.000" /><testcase classname="tests.api.test_investment_mix_parsing" name="test_parse_and_validate_response_handles_string_summary" time="0.000" /><testcase classname="tests.api.test_llm_provider_system_prompt_modes" name="test_openai_provider_uses_json_system_prompt_for_schema_prompts" time="0.000" /><testcase classname="tests.api.test_main_app_integration" name="test_health_endpoint_returns_ok_when_required_services_ok" time="0.001" /><testcase classname="tests.api.test_main_app_integration" name="test_health_endpoint_returns_503_when_required_service_is_down" time="0.001" /><testcase classname="tests.api.test_main_app_integration" name="test_readiness_route_reports_webhook_health_shape" time="0.008" /><testcase classname="tests.api.test_main_app_integration" name="test_ingest_commits_route_is_wired_through_main_app" time="0.002" /><testcase classname="tests.api.test_no_categorization_llm" name="test_api_work_units_no_categorization_imports" time="0.000" /><testcase classname="tests.api.test_no_categorization_llm" name="test_api_main_no_categorization_imports" time="0.000" /><testcase classname="tests.api.test_openai_provider_fix" name="test_openai_provider_handles_empty_content_with_retry" time="0.502" /><testcase classname="tests.api.test_openai_provider_fix" name="test_openai_provider_uses_json_mode_and_instructions" time="0.001" /><testcase classname="tests.api.test_openai_provider_fix" name="test_openai_provider_uses_max_completion_tokens" time="0.000" /><testcase classname="tests.api.test_openai_provider_fix" name="test_openai_provider_uses_correct_temperature" time="0.000" /><testcase classname="tests.api.test_openai_provider_tokens" name="test_openai_provider_uses_max_completion_tokens_for_gpt5" time="0.000" /><testcase classname="tests.api.test_openai_retry_logic" name="test_openai_retry_on_empty_content" time="0.502" /><testcase classname="tests.api.test_openai_retry_logic" name="test_gpt5_retry_on_finish_reason_truncation" time="0.502" /><testcase classname="tests.api.test_openai_retry_logic" name="test_openai_token_clamping" time="0.001" /><testcase classname="tests.api.test_sso_encryption" name="test_encrypt_decrypt_round_trip" time="0.001" /><testcase classname="tests.api.test_sso_encryption" name="test_encrypt_produces_unique_ciphertext" time="0.000" /><testcase classname="tests.api.test_sso_encryption" name="test_decrypt_secret_helper_fallback" time="0.000" /><testcase classname="tests.api.test_work_unit_explain" name="test_mock_provider_returns_response" time="0.000" /><testcase classname="tests.api.test_work_unit_explain" name="test_mock_provider_uses_approved_language" time="0.000" /><testcase classname="tests.api.test_work_unit_explain" name="test_mock_provider_avoids_forbidden_language" time="0.000" /><testcase classname="tests.api.test_work_unit_explain" name="test_get_provider_returns_mock_without_api_keys" time="0.000" /><testcase classname="tests.api.test_work_unit_explain" name="test_get_provider_explicit_mock" time="0.000" /><testcase classname="tests.api.test_work_unit_explain" name="test_explain_work_unit_with_mock" time="0.001" /><testcase classname="tests.api.test_work_unit_explain" name="test_explanation_includes_uncertainty_disclosure" time="0.001" /><testcase classname="tests.api.test_work_unit_explain" name="test_explanation_includes_evidence_quality_limits" time="0.000" /><testcase classname="tests.api.test_work_unit_explain" name="test_is_llm_available_returns_false_for_none" time="0.000" /><testcase classname="tests.api.test_work_unit_explain" name="test_is_llm_available_returns_true_for_explicit_mock" time="0.000" /><testcase classname="tests.api.test_work_unit_explain" name="test_is_llm_available_returns_false_for_auto_without_keys" time="0.001" /><testcase classname="tests.api.test_work_unit_explain" name="test_is_llm_available_returns_true_for_openai" time="0.000" /><testcase classname="tests.api.test_work_unit_explain" name="test_is_llm_available_returns_true_for_auto_with_key" time="0.000" /><testcase classname="tests.api.test_work_unit_explain" name="test_get_provider_none_returns_mock_provider" time="0.000" /><testcase classname="tests.api.test_work_unit_explain" name="test_explain_work_unit_returns_blank_when_no_llm" time="0.000" /><testcase classname="tests.api.test_work_unit_investments_query" name="test_work_unit_investments_query_qualifies_columns" time="0.000" /><testcase classname="tests.api.utils.test_numeric.TestSafeFloat" name="test_valid_float" time="0.000" /><testcase classname="tests.api.utils.test_numeric.TestSafeFloat" name="test_valid_int" time="0.000" /><testcase classname="tests.api.utils.test_numeric.TestSafeFloat" name="test_valid_string" time="0.000" /><testcase classname="tests.api.utils.test_numeric.TestSafeFloat" name="test_invalid_string_returns_default" time="0.000" /><testcase classname="tests.api.utils.test_numeric.TestSafeFloat" name="test_none_returns_default" time="0.000" /><testcase classname="tests.api.utils.test_numeric.TestSafeFloat" name="test_custom_default" time="0.000" /><testcase classname="tests.api.utils.test_numeric.TestSafeFloat" name="test_infinity_returns_default" time="0.000" /><testcase classname="tests.api.utils.test_numeric.TestSafeFloat" name="test_negative_infinity_returns_default" time="0.000" /><testcase classname="tests.api.utils.test_numeric.TestSafeFloat" name="test_nan_returns_default" time="0.000" /><testcase classname="tests.api.utils.test_numeric.TestSafeOptionalFloat" name="test_valid_float" time="0.000" /><testcase classname="tests.api.utils.test_numeric.TestSafeOptionalFloat" name="test_valid_int" time="0.000" /><testcase classname="tests.api.utils.test_numeric.TestSafeOptionalFloat" name="test_valid_string" time="0.000" /><testcase classname="tests.api.utils.test_numeric.TestSafeOptionalFloat" name="test_invalid_string_returns_none" time="0.000" /><testcase classname="tests.api.utils.test_numeric.TestSafeOptionalFloat" name="test_none_returns_none" time="0.000" /><testcase classname="tests.api.utils.test_numeric.TestSafeOptionalFloat" name="test_infinity_returns_none" time="0.000" /><testcase classname="tests.api.utils.test_numeric.TestSafeOptionalFloat" name="test_nan_returns_none" time="0.000" /><testcase classname="tests.api.utils.test_numeric.TestSafeTransform" name="test_identity_transform" time="0.000" /><testcase classname="tests.api.utils.test_numeric.TestSafeTransform" name="test_multiply_transform" time="0.000" /><testcase classname="tests.api.utils.test_numeric.TestSafeTransform" name="test_divide_transform" time="0.000" /><testcase classname="tests.api.utils.test_numeric.TestSafeTransform" name="test_transform_returns_infinity_gives_default" time="0.000" /><testcase classname="tests.api.utils.test_numeric.TestSafeTransform" name="test_transform_returns_nan_gives_default" time="0.000" /><testcase classname="tests.api.utils.test_numeric.TestDeltaPct" name="test_positive_change" time="0.000" /><testcase classname="tests.api.utils.test_numeric.TestDeltaPct" name="test_negative_change" time="0.000" /><testcase classname="tests.api.utils.test_numeric.TestDeltaPct" name="test_no_change" time="0.000" /><testcase classname="tests.api.utils.test_numeric.TestDeltaPct" name="test_zero_previous_returns_zero" time="0.000" /><testcase classname="tests.api.utils.test_numeric.TestDeltaPct" name="test_both_zero_returns_zero" time="0.000" /><testcase classname="tests.api.utils.test_numeric.TestDeltaPct" name="test_doubling" time="0.000" /><testcase classname="tests.api.utils.test_numeric.TestDeltaPct" name="test_halving" time="0.000" /><testcase classname="tests.api.webhooks.test_auth.TestGitHubSignatureValidation" name="test_valid_signature_accepted" time="0.000" /><testcase classname="tests.api.webhooks.test_auth.TestGitHubSignatureValidation" name="test_invalid_signature_rejected" time="0.000" /><testcase classname="tests.api.webhooks.test_auth.TestGitHubSignatureValidation" name="test_missing_signature_rejected" time="0.000" /><testcase classname="tests.api.webhooks.test_auth.TestGitHubSignatureValidation" name="test_wrong_prefix_rejected" time="0.000" /><testcase classname="tests.api.webhooks.test_auth.TestGitHubSignatureValidation" name="test_tampered_body_rejected" time="0.000" /><testcase classname="tests.api.webhooks.test_auth.TestGitLabTokenValidation" name="test_valid_token_accepted" time="0.000" /><testcase classname="tests.api.webhooks.test_auth.TestGitLabTokenValidation" name="test_invalid_token_rejected" time="0.000" /><testcase classname="tests.api.webhooks.test_auth.TestGitLabTokenValidation" name="test_missing_token_rejected" time="0.000" /><testcase classname="tests.api.webhooks.test_auth.TestGitLabTokenValidation" name="test_empty_token_rejected" time="0.000" /><testcase classname="tests.api.webhooks.test_auth.TestJiraSignatureValidation" name="test_no_secret_allows_all" time="0.000" /><testcase classname="tests.api.webhooks.test_auth.TestJiraSignatureValidation" name="test_valid_hmac_accepted" time="0.000" /><testcase classname="tests.api.webhooks.test_auth.TestJiraSignatureValidation" name="test_invalid_hmac_rejected" time="0.000" /><testcase classname="tests.api.webhooks.test_models.TestGitHubEventMapping" name="test_push_event" time="0.000" /><testcase classname="tests.api.webhooks.test_models.TestGitHubEventMapping" name="test_pull_request_event" time="0.000" /><testcase classname="tests.api.webhooks.test_models.TestGitHubEventMapping" name="test_issues_opened" time="0.000" /><testcase classname="tests.api.webhooks.test_models.TestGitHubEventMapping" name="test_issues_closed" time="0.000" /><testcase classname="tests.api.webhooks.test_models.TestGitHubEventMapping" name="test_issues_deleted" time="0.000" /><testcase classname="tests.api.webhooks.test_models.TestGitHubEventMapping" name="test_issues_other_action" time="0.000" /><testcase classname="tests.api.webhooks.test_models.TestGitHubEventMapping" name="test_deployment" time="0.000" /><testcase classname="tests.api.webhooks.test_models.TestGitHubEventMapping" name="test_check_run" time="0.000" /><testcase classname="tests.api.webhooks.test_models.TestGitHubEventMapping" name="test_unknown_event" time="0.000" /><testcase classname="tests.api.webhooks.test_models.TestGitLabEventMapping" name="test_push_hook" time="0.000" /><testcase classname="tests.api.webhooks.test_models.TestGitLabEventMapping" name="test_tag_push_hook" time="0.000" /><testcase classname="tests.api.webhooks.test_models.TestGitLabEventMapping" name="test_merge_request_hook" time="0.000" /><testcase classname="tests.api.webhooks.test_models.TestGitLabEventMapping" name="test_issue_hook_open" time="0.000" /><testcase classname="tests.api.webhooks.test_models.TestGitLabEventMapping" name="test_issue_hook_close" time="0.000" /><testcase classname="tests.api.webhooks.test_models.TestGitLabEventMapping" name="test_issue_hook_other" time="0.000" /><testcase classname="tests.api.webhooks.test_models.TestGitLabEventMapping" name="test_pipeline_hook" time="0.000" /><testcase classname="tests.api.webhooks.test_models.TestGitLabEventMapping" name="test_unknown_event" time="0.000" /><testcase classname="tests.api.webhooks.test_models.TestJiraEventMapping" name="test_issue_created" time="0.000" /><testcase classname="tests.api.webhooks.test_models.TestJiraEventMapping" name="test_issue_updated" time="0.000" /><testcase classname="tests.api.webhooks.test_models.TestJiraEventMapping" name="test_issue_deleted" time="0.000" /><testcase classname="tests.api.webhooks.test_models.TestJiraEventMapping" name="test_unknown_event" time="0.000" /><testcase classname="tests.api.webhooks.test_models.TestWebhookEventModel" name="test_event_has_auto_generated_id" time="0.000" /><testcase classname="tests.api.webhooks.test_models.TestWebhookEventModel" name="test_event_has_received_timestamp" time="0.000" /><testcase classname="tests.api.webhooks.test_models.TestWebhookEventModel" name="test_event_stores_payload" time="0.000" /><testcase classname="tests.api.webhooks.test_router.TestWebhookHealthEndpoint" name="test_health_returns_status" time="0.001" /><testcase classname="tests.api.webhooks.test_router.TestGitHubWebhook" name="test_rejects_missing_secret_config" time="0.001" /><testcase classname="tests.api.webhooks.test_router.TestGitHubWebhook" name="test_rejects_invalid_signature" time="0.001" /><testcase classname="tests.api.webhooks.test_router.TestGitHubWebhook" name="test_accepts_valid_push_event" time="0.015" /><testcase classname="tests.api.webhooks.test_router.TestGitHubWebhook" name="test_accepts_pull_request_event" time="0.002" /><testcase classname="tests.api.webhooks.test_router.TestGitHubWebhook" name="test_returns_message_for_unsupported_event" time="0.001" /><testcase classname="tests.api.webhooks.test_router.TestGitLabWebhook" name="test_rejects_missing_token_config" time="0.001" /><testcase classname="tests.api.webhooks.test_router.TestGitLabWebhook" name="test_rejects_invalid_token" time="0.001" /><testcase classname="tests.api.webhooks.test_router.TestGitLabWebhook" name="test_accepts_valid_push_event" time="0.002" /><testcase classname="tests.api.webhooks.test_router.TestGitLabWebhook" name="test_accepts_merge_request_event" time="0.002" /><testcase classname="tests.api.webhooks.test_router.TestJiraWebhook" name="test_accepts_issue_created" time="0.002" /><testcase classname="tests.api.webhooks.test_router.TestJiraWebhook" name="test_accepts_issue_updated" time="0.002" /><testcase classname="tests.api.webhooks.test_router.TestJiraWebhook" name="test_returns_message_for_unsupported_event" time="0.001" /><testcase classname="tests.graphql.test_compiler.TestValidateDimension" name="test_valid_dimensions" time="0.000" /><testcase classname="tests.graphql.test_compiler.TestValidateDimension" name="test_case_insensitive" time="0.000" /><testcase classname="tests.graphql.test_compiler.TestValidateDimension" name="test_invalid_dimension" time="0.000" /><testcase classname="tests.graphql.test_compiler.TestValidateMeasure" name="test_valid_measures" time="0.000" /><testcase classname="tests.graphql.test_compiler.TestValidateMeasure" name="test_case_insensitive" time="0.000" /><testcase classname="tests.graphql.test_compiler.TestValidateMeasure" name="test_invalid_measure" time="0.000" /><testcase classname="tests.graphql.test_compiler.TestValidateSankeyPath" name="test_valid_path" time="0.000" /><testcase classname="tests.graphql.test_compiler.TestValidateSankeyPath" name="test_three_dimension_path" time="0.000" /><testcase classname="tests.graphql.test_compiler.TestValidateSankeyPath" name="test_empty_path" time="0.000" /><testcase classname="tests.graphql.test_compiler.TestValidateSankeyPath" name="test_single_dimension_path" time="0.000" /><testcase classname="tests.graphql.test_compiler.TestValidateSankeyPath" name="test_duplicate_dimensions" time="0.000" /><testcase classname="tests.graphql.test_compiler.TestCompileTimeseries" name="test_basic_timeseries" time="0.000" /><testcase classname="tests.graphql.test_compiler.TestCompileTimeseries" name="test_invalid_dimension" time="0.000" /><testcase classname="tests.graphql.test_compiler.TestCompileTimeseries" name="test_org_id_always_in_params" time="0.000" /><testcase classname="tests.graphql.test_compiler.TestCompileBreakdown" name="test_basic_breakdown" time="0.000" /><testcase classname="tests.graphql.test_compiler.TestCompileBreakdown" name="test_org_id_always_in_params" time="0.000" /><testcase classname="tests.graphql.test_compiler.TestCompileSankey" name="test_basic_sankey" time="0.000" /><testcase classname="tests.graphql.test_compiler.TestCompileSankey" name="test_invalid_path" time="0.000" /><testcase classname="tests.graphql.test_compiler.TestCompileCatalogValues" name="test_basic_catalog_values" time="0.000" /><testcase classname="tests.graphql.test_compiler.TestCompileCatalogValues" name="test_org_id_always_in_params" time="0.000" /><testcase classname="tests.graphql.test_compiler.TestDimensionDbColumn" name="test_all_dimensions_have_columns[team]" time="0.000" /><testcase classname="tests.graphql.test_compiler.TestDimensionDbColumn" name="test_all_dimensions_have_columns[repo]" time="0.000" /><testcase classname="tests.graphql.test_compiler.TestDimensionDbColumn" name="test_all_dimensions_have_columns[author]" time="0.000" /><testcase classname="tests.graphql.test_compiler.TestDimensionDbColumn" name="test_all_dimensions_have_columns[work_type]" time="0.000" /><testcase classname="tests.graphql.test_compiler.TestDimensionDbColumn" name="test_all_dimensions_have_columns[theme]" time="0.000" /><testcase classname="tests.graphql.test_compiler.TestDimensionDbColumn" name="test_all_dimensions_have_columns[subcategory]" time="0.000" /><testcase classname="tests.graphql.test_compiler.TestDimensionDbColumn" name="test_specific_mappings" time="0.000" /><testcase classname="tests.graphql.test_compiler.TestMeasureDbExpression" name="test_all_measures_have_expressions[count]" time="0.000" /><testcase classname="tests.graphql.test_compiler.TestMeasureDbExpression" name="test_all_measures_have_expressions[churn_loc]" time="0.000" /><testcase classname="tests.graphql.test_compiler.TestMeasureDbExpression" name="test_all_measures_have_expressions[cycle_time_hours]" time="0.000" /><testcase classname="tests.graphql.test_compiler.TestMeasureDbExpression" name="test_all_measures_have_expressions[throughput]" time="0.000" /><testcase classname="tests.graphql.test_compiler.TestMeasureDbExpression" name="test_specific_expressions" time="0.000" /><testcase classname="tests.graphql.test_cost.TestValidateDateRange" name="test_valid_date_range" time="0.000" /><testcase classname="tests.graphql.test_cost.TestValidateDateRange" name="test_date_range_exactly_at_limit" time="0.000" /><testcase classname="tests.graphql.test_cost.TestValidateDateRange" name="test_date_range_exceeds_limit" time="0.000" /><testcase classname="tests.graphql.test_cost.TestValidateDateRange" name="test_end_before_start" time="0.000" /><testcase classname="tests.graphql.test_cost.TestValidateDateRange" name="test_custom_limits" time="0.000" /><testcase classname="tests.graphql.test_cost.TestValidateTopN" name="test_valid_top_n" time="0.000" /><testcase classname="tests.graphql.test_cost.TestValidateTopN" name="test_top_n_exceeds_limit" time="0.000" /><testcase classname="tests.graphql.test_cost.TestValidateTopN" name="test_top_n_zero" time="0.000" /><testcase classname="tests.graphql.test_cost.TestValidateTopN" name="test_top_n_negative" time="0.000" /><testcase classname="tests.graphql.test_cost.TestValidateSankeyLimits" name="test_valid_sankey_limits" time="0.000" /><testcase classname="tests.graphql.test_cost.TestValidateSankeyLimits" name="test_max_nodes_exceeds_limit" time="0.000" /><testcase classname="tests.graphql.test_cost.TestValidateSankeyLimits" name="test_max_edges_exceeds_limit" time="0.000" /><testcase classname="tests.graphql.test_cost.TestValidateSankeyLimits" name="test_max_nodes_zero" time="0.000" /><testcase classname="tests.graphql.test_cost.TestValidateSankeyLimits" name="test_max_edges_negative" time="0.000" /><testcase classname="tests.graphql.test_cost.TestValidateSubRequestCount" name="test_valid_sub_request_count" time="0.000" /><testcase classname="tests.graphql.test_cost.TestValidateSubRequestCount" name="test_sub_requests_at_limit" time="0.000" /><testcase classname="tests.graphql.test_cost.TestValidateSubRequestCount" name="test_sub_requests_exceed_limit" time="0.000" /><testcase classname="tests.graphql.test_cost.TestValidateSubRequestCount" name="test_sankey_counts_as_one" time="0.000" /><testcase classname="tests.graphql.test_cost.TestValidateBuckets" name="test_valid_day_buckets" time="0.000" /><testcase classname="tests.graphql.test_cost.TestValidateBuckets" name="test_valid_week_buckets" time="0.000" /><testcase classname="tests.graphql.test_cost.TestValidateBuckets" name="test_valid_month_buckets" time="0.000" /><testcase classname="tests.graphql.test_cost.TestValidateBuckets" name="test_day_buckets_exceed_limit" time="0.000" /><testcase classname="tests.graphql.test_cost.TestCostLimitsDataclass" name="test_default_limits" time="0.000" /><testcase classname="tests.graphql.test_cost.TestCostLimitsDataclass" name="test_custom_limits" time="0.000" /><testcase classname="tests.graphql.test_filters.TestFilterTranslation" name="test_scope_filter_team" time="0.000" /><testcase classname="tests.graphql.test_filters.TestFilterTranslation" name="test_scope_filter_repo" time="0.000" /><testcase classname="tests.graphql.test_filters.TestFilterTranslation" name="test_who_filter" time="0.000" /><testcase classname="tests.graphql.test_filters.TestFilterTranslation" name="test_what_filter_repos" time="0.000" /><testcase classname="tests.graphql.test_filters.TestFilterTranslation" name="test_why_filter_work_category" time="0.000" /><testcase classname="tests.graphql.test_filters.TestFilterTranslation" name="test_multiple_filters_combined" time="0.000" /><testcase classname="tests.graphql.test_filters.TestFilterTranslation" name="test_investment_filters" time="0.000" /><testcase classname="tests.graphql.test_filters.TestFilterTranslation" name="test_none_filters" time="0.000" /><testcase classname="tests.graphql.test_resolvers.TestResolveCatalog" name="test_catalog_returns_dimensions" time="0.001" /><testcase classname="tests.graphql.test_resolvers.TestResolveCatalog" name="test_catalog_returns_measures" time="0.001" /><testcase classname="tests.graphql.test_resolvers.TestResolveCatalog" name="test_catalog_returns_limits" time="0.001" /><testcase classname="tests.graphql.test_resolvers.TestResolveCatalog" name="test_catalog_without_dimension_has_no_values" time="0.000" /><testcase classname="tests.graphql.test_resolvers.TestResolveCatalog" name="test_catalog_dimensions_have_descriptions" time="0.000" /><testcase classname="tests.graphql.test_resolvers.TestResolveCatalog" name="test_catalog_measures_have_descriptions" time="0.000" /><testcase classname="tests.graphql.test_resolvers.TestContextOrgIdRequirement" name="test_context_requires_org_id" time="0.000" /><testcase classname="tests.graphql.test_resolvers.TestContextOrgIdRequirement" name="test_context_accepts_valid_org_id" time="0.000" /><testcase classname="tests.graphql.test_resolvers.TestErrorTypes" name="test_cost_limit_error_to_dict" time="0.000" /><testcase classname="tests.graphql.test_resolvers.TestErrorTypes" name="test_authorization_error_to_dict" time="0.000" /><testcase classname="tests.graphql.test_resolvers.TestCatalogWithMockedQueryDicts" name="test_catalog_with_dimension_values" time="0.000" /><testcase classname="tests.graphql.test_resolvers.TestAuthzFunctions" name="test_require_org_id_with_valid_context" time="0.000" /><testcase classname="tests.graphql.test_resolvers.TestAuthzFunctions" name="test_enforce_org_scope" time="0.000" /><testcase classname="tests.graphql.test_resolvers.TestAuthzFunctions" name="test_enforce_org_scope_rejects_empty" time="0.000" /><testcase classname="tests.graphql.test_work_graph.TestResolveWorkGraphEdges" name="test_returns_empty_when_no_edges" time="0.001" /><testcase classname="tests.graphql.test_work_graph.TestResolveWorkGraphEdges" name="test_returns_edges_with_correct_types" time="0.001" /><testcase classname="tests.graphql.test_work_graph.TestResolveWorkGraphEdges" name="test_applies_repo_ids_filter" time="0.001" /><testcase classname="tests.graphql.test_work_graph.TestResolveWorkGraphEdges" name="test_applies_source_type_filter" time="0.001" /><testcase classname="tests.graphql.test_work_graph.TestResolveWorkGraphEdges" name="test_applies_edge_type_filter" time="0.001" /><testcase classname="tests.graphql.test_work_graph.TestResolveWorkGraphEdges" name="test_applies_node_id_filter" time="0.001" /><testcase classname="tests.graphql.test_work_graph.TestResolveWorkGraphEdges" name="test_applies_limit" time="0.001" /><testcase classname="tests.graphql.test_work_graph.TestResolveWorkGraphEdges" name="test_page_info_has_next_when_at_limit" time="0.001" /><testcase classname="tests.graphql.test_work_graph.TestResolveWorkGraphEdges" name="test_handles_unknown_enum_values_gracefully" time="0.001" /><testcase classname="tests.graphql.test_work_graph.TestResolveWorkGraphEdges" name="test_raises_when_client_missing" time="0.000" /><testcase classname="tests.metrics.test_compute_capacity.TestThroughputHistory" name="test_empty_history" time="0.000" /><testcase classname="tests.metrics.test_compute_capacity.TestThroughputHistory" name="test_single_sample" time="0.000" /><testcase classname="tests.metrics.test_compute_capacity.TestThroughputHistory" name="test_multiple_samples" time="0.000" /><testcase classname="tests.metrics.test_compute_capacity.TestThroughputHistory" name="test_high_variance_detection" time="0.000" /><testcase classname="tests.metrics.test_compute_capacity.TestMonteCarloForecasts" name="test_forecast_days_empty_history_raises" time="0.000" /><testcase classname="tests.metrics.test_compute_capacity.TestMonteCarloForecasts" name="test_forecast_days_zero_target_returns_zero" time="0.000" /><testcase classname="tests.metrics.test_compute_capacity.TestMonteCarloForecasts" name="test_forecast_days_deterministic_with_seed" time="0.000" /><testcase classname="tests.metrics.test_compute_capacity.TestMonteCarloForecasts" name="test_forecast_days_reasonable_results" time="0.001" /><testcase classname="tests.metrics.test_compute_capacity.TestMonteCarloForecasts" name="test_forecast_days_variable_throughput" time="0.001" /><testcase classname="tests.metrics.test_compute_capacity.TestMonteCarloForecasts" name="test_forecast_days_hits_max_on_zero_throughput" time="0.000" /><testcase classname="tests.metrics.test_compute_capacity.TestMonteCarloForecasts" name="test_forecast_items_empty_history_raises" time="0.000" /><testcase classname="tests.metrics.test_compute_capacity.TestMonteCarloForecasts" name="test_forecast_items_zero_days_returns_zero" time="0.000" /><testcase classname="tests.metrics.test_compute_capacity.TestMonteCarloForecasts" name="test_forecast_items_deterministic_with_seed" time="0.000" /><testcase classname="tests.metrics.test_compute_capacity.TestMonteCarloForecasts" name="test_forecast_items_reasonable_results" time="0.001" /><testcase classname="tests.metrics.test_compute_capacity.TestComputePercentiles" name="test_empty_list" time="0.000" /><testcase classname="tests.metrics.test_compute_capacity.TestComputePercentiles" name="test_single_value" time="0.000" /><testcase classname="tests.metrics.test_compute_capacity.TestComputePercentiles" name="test_known_distribution" time="0.000" /><testcase classname="tests.metrics.test_compute_capacity.TestForecastCapacity" name="test_requires_target" time="0.000" /><testcase classname="tests.metrics.test_compute_capacity.TestForecastCapacity" name="test_requires_non_empty_history" time="0.000" /><testcase classname="tests.metrics.test_compute_capacity.TestForecastCapacity" name="test_fixed_scope_forecast" time="0.001" /><testcase classname="tests.metrics.test_compute_capacity.TestForecastCapacity" name="test_fixed_date_forecast" time="0.001" /><testcase classname="tests.metrics.test_compute_capacity.TestForecastCapacity" name="test_both_targets" time="0.002" /><testcase classname="tests.metrics.test_compute_capacity.TestForecastCapacity" name="test_insufficient_history_flag" time="0.000" /><testcase classname="tests.metrics.test_compute_capacity.TestForecastCapacity" name="test_high_variance_flag" time="0.000" /><testcase classname="tests.metrics.test_compute_capacity.TestForecastCapacity" name="test_past_target_date_returns_zero_items" time="0.000" /><testcase classname="tests.metrics.test_compute_capacity.TestForecastResultDataclass" name="test_forecast_result_is_frozen" time="0.000" /><testcase classname="tests.metrics.test_compute_delivery_ops" name="test_compute_cicd_metrics_daily_groups_by_repo_and_filters_day" time="0.000" /><testcase classname="tests.metrics.test_compute_delivery_ops" name="test_compute_deploy_metrics_daily_handles_fallbacks_and_negatives" time="0.000" /><testcase classname="tests.metrics.test_compute_delivery_ops" name="test_compute_incident_metrics_daily_counts_incidents_and_mttr_distribution" time="0.000" /><testcase classname="tests.metrics.test_flow_efficiency" name="test_calculate_flow_breakdown_all_active" time="0.000" /><testcase classname="tests.metrics.test_flow_efficiency" name="test_calculate_flow_breakdown_with_wait" time="0.000" /><testcase classname="tests.metrics.test_flow_efficiency" name="test_calculate_flow_breakdown_started_late" time="0.000" /><testcase classname="tests.metrics.test_flow_efficiency" name="test_compute_metrics_daily_populates_efficiency" time="0.000" /><testcase classname="tests.metrics.test_loaders" name="test_clickhouse_loader_async" time="0.001" /><testcase classname="tests.metrics.test_loaders" name="test_mongo_loader_async" time="0.001" /><testcase classname="tests.metrics.test_loaders" name="test_sqlalchemy_loader_async" time="0.001" /><testcase classname="tests.metrics.test_validation.TestValidationError" name="test_str_without_index" time="0.000" /><testcase classname="tests.metrics.test_validation.TestValidationError" name="test_str_with_index" time="0.000" /><testcase classname="tests.metrics.test_validation.TestValidationError" name="test_repr" time="0.000" /><testcase classname="tests.metrics.test_validation.TestValidateTypedDict" name="test_valid_simple_dict" time="0.000" /><testcase classname="tests.metrics.test_validation.TestValidateTypedDict" name="test_missing_required_field" time="0.000" /><testcase classname="tests.metrics.test_validation.TestValidateTypedDict" name="test_wrong_type" time="0.000" /><testcase classname="tests.metrics.test_validation.TestValidateTypedDict" name="test_optional_field_with_none" time="0.000" /><testcase classname="tests.metrics.test_validation.TestValidateTypedDict" name="test_optional_field_with_value" time="0.000" /><testcase classname="tests.metrics.test_validation.TestValidateTypedDict" name="test_optional_field_missing_is_error" time="0.000" /><testcase classname="tests.metrics.test_validation.TestValidateTypedDict" name="test_not_required_field_missing" time="0.000" /><testcase classname="tests.metrics.test_validation.TestValidateTypedDict" name="test_not_required_field_present" time="0.000" /><testcase classname="tests.metrics.test_validation.TestValidateTypedDict" name="test_bool_not_accepted_as_int" time="0.000" /><testcase classname="tests.metrics.test_validation.TestValidateTypedDict" name="test_extra_field_allowed" time="0.000" /><testcase classname="tests.metrics.test_validation.TestValidateTypedDict" name="test_row_index_propagated" time="0.000" /><testcase classname="tests.metrics.test_validation.TestValidateTypedDictWithSchemas" name="test_valid_commit_stat_row" time="0.000" /><testcase classname="tests.metrics.test_validation.TestValidateTypedDictWithSchemas" name="test_commit_stat_missing_required" time="0.000" /><testcase classname="tests.metrics.test_validation.TestValidateTypedDictWithSchemas" name="test_pull_request_row_missing_not_required_reports_no_error" time="0.000" /><testcase classname="tests.metrics.test_validation.TestValidateTypedDictWithSchemas" name="test_pull_request_with_all_not_required_fields" time="0.000" /><testcase classname="tests.metrics.test_validation.TestValidateRows" name="test_empty_list" time="0.000" /><testcase classname="tests.metrics.test_validation.TestValidateRows" name="test_valid_rows" time="0.000" /><testcase classname="tests.metrics.test_validation.TestValidateRows" name="test_invalid_row_reports_index" time="0.000" /><testcase classname="tests.metrics.test_validation.TestValidateRows" name="test_max_errors_limit" time="0.000" /><testcase classname="tests.metrics.test_validation.TestValidateRows" name="test_validation_disabled_by_default" time="0.000" /><testcase classname="tests.metrics.test_validation.TestValidateRows" name="test_validation_enabled_via_flag" time="0.000" /><testcase classname="tests.metrics.test_validation.TestValidateOrRaise" name="test_valid_data_no_exception" time="0.000" /><testcase classname="tests.metrics.test_validation.TestValidateOrRaise" name="test_invalid_data_raises" time="0.000" /><testcase classname="tests.metrics.test_validation.TestValidateOrRaise" name="test_context_in_error_message" time="0.000" /><testcase classname="tests.metrics.test_validation.TestValidateOrRaise" name="test_disabled_validation_no_exception" time="0.000" /><testcase classname="tests.providers.jira.test_atlassian_compat.TestAtlassianClientEnabled" name="test_feature_flag_values[1-True]" time="0.000" /><testcase classname="tests.providers.jira.test_atlassian_compat.TestAtlassianClientEnabled" name="test_feature_flag_values[true-True]" time="0.000" /><testcase classname="tests.providers.jira.test_atlassian_compat.TestAtlassianClientEnabled" name="test_feature_flag_values[TRUE-True]" time="0.000" /><testcase classname="tests.providers.jira.test_atlassian_compat.TestAtlassianClientEnabled" name="test_feature_flag_values[yes-True]" time="0.000" /><testcase classname="tests.providers.jira.test_atlassian_compat.TestAtlassianClientEnabled" name="test_feature_flag_values[on-True]" time="0.000" /><testcase classname="tests.providers.jira.test_atlassian_compat.TestAtlassianClientEnabled" name="test_feature_flag_values[0-False]" time="0.000" /><testcase classname="tests.providers.jira.test_atlassian_compat.TestAtlassianClientEnabled" name="test_feature_flag_values[false-False]" time="0.000" /><testcase classname="tests.providers.jira.test_atlassian_compat.TestAtlassianClientEnabled" name="test_feature_flag_values[no-False]" time="0.000" /><testcase classname="tests.providers.jira.test_atlassian_compat.TestAtlassianClientEnabled" name="test_feature_flag_values[off-False]" time="0.000" /><testcase classname="tests.providers.jira.test_atlassian_compat.TestAtlassianClientEnabled" name="test_feature_flag_values[-False]" time="0.000" /><testcase classname="tests.providers.jira.test_atlassian_compat.TestAtlassianClientEnabled" name="test_feature_flag_values[garbage-False]" time="0.000" /><testcase classname="tests.providers.jira.test_atlassian_compat.TestAtlassianClientEnabled" name="test_feature_flag_unset" time="0.001" /><testcase classname="tests.providers.jira.test_atlassian_compat.TestGetAtlassianAuth" name="test_prefers_atlassian_vars" time="0.000" /><testcase classname="tests.providers.jira.test_atlassian_compat.TestGetAtlassianAuth" name="test_falls_back_to_jira_vars" time="0.000" /><testcase classname="tests.providers.jira.test_atlassian_compat.TestGetAtlassianAuth" name="test_returns_none_if_missing" time="0.001" /><testcase classname="tests.providers.jira.test_atlassian_compat.TestGetAtlassianAuth" name="test_returns_none_if_partial" time="0.000" /><testcase classname="tests.providers.jira.test_atlassian_compat.TestGetAtlassianBaseUrl" name="test_prefers_atlassian_var" time="0.000" /><testcase classname="tests.providers.jira.test_atlassian_compat.TestGetAtlassianBaseUrl" name="test_falls_back_to_jira_var" time="0.000" /><testcase classname="tests.providers.jira.test_atlassian_compat.TestGetAtlassianBaseUrl" name="test_normalizes_url" time="0.000" /><testcase classname="tests.providers.jira.test_atlassian_compat.TestGetAtlassianBaseUrl" name="test_returns_none_if_missing" time="0.000" /><testcase classname="tests.providers.jira.test_atlassian_compat.TestGetAtlassianCloudId" name="test_uses_explicit_cloud_id" time="0.000" /><testcase classname="tests.providers.jira.test_atlassian_compat.TestGetAtlassianCloudId" name="test_derives_from_base_url" time="0.000" /><testcase classname="tests.providers.jira.test_atlassian_compat.TestGetAtlassianCloudId" name="test_returns_none_if_no_source" time="0.000" /><testcase classname="tests.providers.jira.test_atlassian_compat.TestValidateAtlassianEnv" name="test_all_valid" time="0.000" /><testcase classname="tests.providers.jira.test_atlassian_compat.TestValidateAtlassianEnv" name="test_missing_all" time="0.000" /><testcase classname="tests.providers.jira.test_atlassian_compat.TestValidateAtlassianEnv" name="test_partial_missing" time="0.000" /><testcase classname="tests.providers.jira.test_atlassian_compat.TestGetAtlassianGraphqlBaseUrl" name="test_prefers_gql_base_url" time="0.000" /><testcase classname="tests.providers.jira.test_atlassian_compat.TestGetAtlassianGraphqlBaseUrl" name="test_falls_back_to_oauth_endpoint" time="0.000" /><testcase classname="tests.providers.jira.test_atlassian_compat.TestGetAtlassianGraphqlBaseUrl" name="test_defaults_to_api_atlassian_com" time="0.000" /><testcase classname="tests.providers.jira.test_atlassian_compat.TestGetAtlassianGraphqlBaseUrl" name="test_returns_none_without_hint" time="0.000" /><testcase classname="tests.providers.jira.test_atlassian_compat.TestGetAtlassianGraphqlAuth" name="test_refresh_token_auth" time="0.000" /><testcase classname="tests.providers.jira.test_atlassian_compat.TestGetAtlassianGraphqlAuth" name="test_oauth_bearer_auth" time="0.000" /><testcase classname="tests.providers.jira.test_atlassian_compat.TestGetAtlassianGraphqlAuth" name="test_basic_auth" time="0.000" /><testcase classname="tests.providers.jira.test_atlassian_compat.TestGetAtlassianGraphqlAuth" name="test_cookie_auth" time="0.000" /><testcase classname="tests.providers.jira.test_atlassian_compat.TestGetAtlassianGraphqlAuth" name="test_returns_none_if_missing" time="0.000" /><testcase classname="tests.providers.jira.test_atlassian_compat.TestValidateAtlassianGraphqlEnv" name="test_all_valid" time="0.000" /><testcase classname="tests.providers.jira.test_atlassian_compat.TestValidateAtlassianGraphqlEnv" name="test_missing_all" time="0.000" /><testcase classname="tests.providers.jira.test_canonical_adapters.TestCanonicalJiraIssueToWorkItem" name="test_basic_conversion" time="0.003" /><testcase classname="tests.providers.jira.test_canonical_adapters.TestCanonicalJiraIssueToWorkItem" name="test_no_assignee" time="0.003" /><testcase classname="tests.providers.jira.test_canonical_adapters.TestCanonicalJiraIssueToWorkItem" name="test_resolved_issue" time="0.003" /><testcase classname="tests.providers.jira.test_canonical_adapters.TestCanonicalChangelogToTransitions" name="test_status_transitions" time="0.002" /><testcase classname="tests.providers.jira.test_canonical_adapters.TestCanonicalChangelogToTransitions" name="test_filters_non_status_changes" time="0.002" /><testcase classname="tests.providers.jira.test_canonical_adapters.TestDeriveStartedCompleted" name="test_derives_from_transitions" time="0.000" /><testcase classname="tests.providers.jira.test_canonical_adapters.TestDeriveStartedCompleted" name="test_fallback_for_no_transitions" time="0.000" /><testcase classname="tests.providers.jira.test_canonical_adapters.TestDeriveStartedCompleted" name="test_fallback_to_updated_at" time="0.000" /><testcase classname="tests.providers.jira.test_changelog_pagination.TestChangelogPagination" name="test_handles_large_changelog_over_100_entries" time="0.003" /><testcase classname="tests.providers.jira.test_changelog_pagination.TestChangelogPagination" name="test_empty_changelog" time="0.002" /><testcase classname="tests.providers.jira.test_changelog_pagination.TestChangelogPagination" name="test_changelog_with_mixed_field_changes" time="0.002" /><testcase classname="tests.providers.jira.test_changelog_pagination.TestChangelogPagination" name="test_changelog_preserves_chronological_order" time="0.002" /><testcase classname="tests.providers.jira.test_ops_mapping" name="test_sync_teams_jira_ops" time="0.001" /><testcase classname="tests.providers.jira.test_worklog_sprint_adapters.TestCanonicalWorklogToModel" name="test_basic_worklog_conversion" time="0.000" /><testcase classname="tests.providers.jira.test_worklog_sprint_adapters.TestCanonicalWorklogToModel" name="test_worklog_without_author" time="0.000" /><testcase classname="tests.providers.jira.test_worklog_sprint_adapters.TestCanonicalWorklogToModel" name="test_worklog_various_durations" time="0.000" /><testcase classname="tests.providers.jira.test_worklog_sprint_adapters.TestCanonicalSprintToModel" name="test_active_sprint" time="0.000" /><testcase classname="tests.providers.jira.test_worklog_sprint_adapters.TestCanonicalSprintToModel" name="test_closed_sprint" time="0.000" /><testcase classname="tests.providers.jira.test_worklog_sprint_adapters.TestCanonicalSprintToModel" name="test_future_sprint" time="0.000" /><testcase classname="tests.providers.jira.test_worklog_sprint_adapters.TestCanonicalSprintToModel" name="test_sprint_state_values" time="0.000" /><testcase classname="tests.test_admin_credentials" name="test_create_credential" time="0.089" /><testcase classname="tests.test_admin_credentials" name="test_list_credentials" time="0.058" /><testcase classname="tests.test_admin_credentials" name="test_test_connection_inline_persists_when_stored" time="0.059" /><testcase classname="tests.test_admin_credentials" name="test_test_connection_inline_no_persist_when_not_stored" time="0.062" /><testcase classname="tests.test_admin_credentials" name="test_test_connection_db_creds_persists" time="0.060" /><testcase classname="tests.test_admin_credentials" name="test_delete_credential" time="0.059" /><testcase classname="tests.test_admin_credentials" name="test_get_credential_not_found" time="0.058" /><testcase classname="tests.test_api_endpoints" name="test_home_endpoint_schema" time="0.001" /><testcase classname="tests.test_api_endpoints" name="test_home_post_uses_filters" time="0.001" /><testcase classname="tests.test_api_endpoints" name="test_home_query_translation_matches_post" time="0.002" /><testcase classname="tests.test_api_endpoints" name="test_explain_endpoint_schema" time="0.001" /><testcase classname="tests.test_api_endpoints" name="test_sankey_endpoint_schema" time="0.001" /><testcase classname="tests.test_api_endpoints" name="test_sankey_endpoint_get_schema" time="0.001" /><testcase classname="tests.test_api_sanitization" name="test_home_response_sanitizes_non_finite_values" time="0.001" /><testcase classname="tests.test_api_sanitization" name="test_explain_response_sanitizes_non_finite_values" time="0.000" /><testcase classname="tests.test_api_sanitization" name="test_person_summary_sanitizes_non_finite_values" time="0.001" /><testcase classname="tests.test_api_sanitization" name="test_person_metric_sanitizes_non_finite_values" time="0.000" /><testcase classname="tests.test_atlassian_ops_storage" name="test_sqlalchemy_store_atlassian_ops" time="0.045" /><testcase classname="tests.test_audit_completeness" name="test_query_builders_include_tables[build_work_items_query-FROM work_items]" time="0.000" /><testcase classname="tests.test_audit_completeness" name="test_query_builders_include_tables[build_transitions_query-FROM work_item_transitions]" time="0.000" /><testcase classname="tests.test_audit_completeness" name="test_query_builders_include_tables[build_git_commits_query-FROM git_commits]" time="0.000" /><testcase classname="tests.test_audit_completeness" name="test_query_builders_include_tables[build_git_pull_requests_query-FROM git_pull_requests]" time="0.000" /><testcase classname="tests.test_audit_completeness" name="test_infer_repo_source_prefers_settings" time="0.000" /><testcase classname="tests.test_audit_completeness" name="test_infer_repo_source_falls_back_to_tags" time="0.000" /><testcase classname="tests.test_audit_completeness" name="test_compile_report_aggregates_and_flags_ok" time="0.000" /><testcase classname="tests.test_audit_completeness" name="test_compile_report_flags_stale_provider" time="0.000" /><testcase classname="tests.test_audit_coverage" name="test_parse_provider_list_defaults_to_all" time="0.000" /><testcase classname="tests.test_audit_coverage" name="test_parse_provider_list_validates" time="0.000" /><testcase classname="tests.test_audit_coverage" name="test_compile_coverage_report_allows_unchecked_schema" time="0.000" /><testcase classname="tests.test_audit_coverage" name="test_compile_coverage_report_flags_missing_schema" time="0.000" /><testcase classname="tests.test_audit_coverage" name="test_format_coverage_table_renders_rows" time="0.000" /><testcase classname="tests.test_audit_perf" name="test_perf_audit_unsupported_backend" time="0.000" /><testcase classname="tests.test_audit_perf" name="test_format_perf_report_unchecked" time="0.000" /><testcase classname="tests.test_audit_rolling_aggregates" name="test_rolling_aggregates_no_data" time="0.034" /><testcase classname="tests.test_audit_rolling_aggregates" name="test_rolling_aggregates_ok" time="0.035" /><testcase classname="tests.test_audit_schema" name="test_clickhouse_schema_includes_added_columns" time="0.004" /><testcase classname="tests.test_audit_schema" name="test_format_schema_report_includes_migrations" time="0.000" /><testcase classname="tests.test_auth_db_check" name="test_get_current_user_rejects_nonexistent_user" time="0.001" /><testcase classname="tests.test_auth_db_check" name="test_get_current_user_rejects_inactive_user" time="0.001" /><testcase classname="tests.test_auth_db_check" name="test_get_current_user_accepts_active_user" time="0.001" /><testcase classname="tests.test_auth_db_check" name="test_get_current_user_optional_returns_none_for_nonexistent" time="0.001" /><testcase classname="tests.test_auth_db_check" name="test_validate_endpoint_rejects_nonexistent_user" time="0.011" /><testcase classname="tests.test_base_connector.TestBatchResult" name="test_successful_result" time="0.000" /><testcase classname="tests.test_base_connector.TestBatchResult" name="test_failed_result" time="0.000" /><testcase classname="tests.test_base_connector.TestGitConnectorInterface" name="test_cannot_instantiate_base_class" time="0.000" /><testcase classname="tests.test_base_connector.TestGitConnectorInterface" name="test_concrete_class_must_implement_abstract_methods" time="0.000" /><testcase classname="tests.test_base_connector.TestGitConnectorInterface" name="test_concrete_class_with_all_methods" time="0.000" /><testcase classname="tests.test_base_connector.TestGitConnectorInterface" name="test_custom_per_page_and_max_workers" time="0.000" /><testcase classname="tests.test_base_connector.TestGitConnectorContextManager" name="test_context_manager" time="0.000" /><testcase classname="tests.test_base_processor.TestBaseProcessorContract" name="test_cannot_instantiate_abc" time="0.000" /><testcase classname="tests.test_base_processor.TestBaseProcessorContract" name="test_subclass_must_implement_process_single" time="0.000" /><testcase classname="tests.test_base_processor.TestBaseProcessorContract" name="test_subclass_must_implement_store_result" time="0.000" /><testcase classname="tests.test_base_processor.TestProcessBatch" name="test_empty_batch" time="0.000" /><testcase classname="tests.test_base_processor.TestProcessBatch" name="test_single_item" time="0.001" /><testcase classname="tests.test_base_processor.TestProcessBatch" name="test_multiple_items" time="0.001" /><testcase classname="tests.test_base_processor.TestProcessBatch" name="test_respects_max_concurrent" time="0.001" /><testcase classname="tests.test_base_processor.TestProcessBatch" name="test_error_handling" time="0.001" /><testcase classname="tests.test_base_processor.TestProcessBatch" name="test_store_result_called_for_each" time="0.001" /><testcase classname="tests.test_base_processor.TestRunSyncInExecutor" name="test_runs_sync_func" time="0.001" /><testcase classname="tests.test_base_processor.TestRunSyncInExecutor" name="test_returns_result" time="0.001" /><testcase classname="tests.test_base_processor.TestRunMethod" name="test_calls_hooks" time="0.001" /><testcase classname="tests.test_base_processor.TestRunMethod" name="test_before_hook_can_filter" time="0.001" /><testcase classname="tests.test_base_processor.TestSentinelIsolation" name="test_sentinel_not_exported" time="0.000" /><testcase classname="tests.test_batch_processing" name="test_github_async_batch_callback_fires_as_completed" time="0.155" /><testcase classname="tests.test_batch_processing" name="test_gitlab_async_batch_callback_fires_as_completed" time="0.154" /><testcase classname="tests.test_batch_processing" name="test_process_gitlab_projects_batch_upserts_during_sync_processing" time="0.012" /><testcase classname="tests.test_batch_processing" name="test_process_github_repos_batch_upserts_during_async_processing" time="0.001" /><testcase classname="tests.test_batch_processing" name="test_process_github_repos_batch_stores_commits_and_stats" time="0.001" /><testcase classname="tests.test_batch_processing" name="test_process_gitlab_projects_batch_stores_commits_and_stats" time="0.001" /><testcase classname="tests.test_batch_processing.TestPatternMatching" name="test_exact_match" time="0.000" /><testcase classname="tests.test_batch_processing.TestPatternMatching" name="test_wildcard_suffix" time="0.000" /><testcase classname="tests.test_batch_processing.TestPatternMatching" name="test_wildcard_prefix" time="0.000" /><testcase classname="tests.test_batch_processing.TestPatternMatching" name="test_wildcard_owner" time="0.000" /><testcase classname="tests.test_batch_processing.TestPatternMatching" name="test_wildcard_repo" time="0.000" /><testcase classname="tests.test_batch_processing.TestPatternMatching" name="test_case_insensitive" time="0.000" /><testcase classname="tests.test_batch_processing.TestPatternMatching" name="test_question_mark_wildcard" time="0.000" /><testcase classname="tests.test_batch_processing.TestPatternMatching" name="test_double_wildcard" time="0.000" /><testcase classname="tests.test_batch_processing.TestPatternMatching" name="test_no_match" time="0.000" /><testcase classname="tests.test_batch_processing.TestBatchResult" name="test_successful_result" time="0.000" /><testcase classname="tests.test_batch_processing.TestBatchResult" name="test_failed_result" time="0.000" /><testcase classname="tests.test_batch_processing.TestGitHubConnectorBatchProcessing" name="test_list_repositories_with_pattern" time="0.001" /><testcase classname="tests.test_batch_processing.TestGitHubConnectorBatchProcessing" name="test_list_repositories_with_pattern_max_repos" time="0.001" /><testcase classname="tests.test_batch_processing.TestGitHubConnectorBatchProcessing" name="test_get_repos_with_stats_sync" time="3.004" /><testcase classname="tests.test_batch_processing.TestGitHubConnectorBatchProcessing" name="test_get_repos_with_stats_with_pattern" time="3.002" /><testcase classname="tests.test_batch_processing.TestGitHubConnectorBatchProcessing" name="test_get_repos_with_stats_callback" time="3.009" /><testcase classname="tests.test_batch_processing.TestGitHubConnectorAsyncBatchProcessing" name="test_get_repos_with_stats_async" time="3.008" /><testcase classname="tests.test_batch_processing.TestGitHubConnectorAsyncBatchProcessing" name="test_get_repos_with_stats_async_with_pattern" time="3.008" /><testcase classname="tests.test_batch_processing.TestGitHubConnectorAsyncBatchProcessing" name="test_get_repos_with_stats_async_callback" time="3.009" /><testcase classname="tests.test_batch_processing.TestBatchProcessingErrorHandling" name="test_batch_processing_handles_api_error" time="3.008" /><testcase classname="tests.test_batch_processing.TestBatchProcessingErrorHandling" name="test_batch_processing_handles_partial_failure" time="3.007" /><testcase classname="tests.test_batch_processing.TestBatchProcessingErrorHandling" name="test_batch_processing_invalid_repo_name" time="0.001" /><testcase classname="tests.test_batch_processing.TestBatchProcessingErrorHandling" name="test_async_batch_processing_handles_api_error" time="3.006" /><testcase classname="tests.test_batch_processing.TestGitLabPatternMatching" name="test_exact_match" time="0.000" /><testcase classname="tests.test_batch_processing.TestGitLabPatternMatching" name="test_wildcard_suffix" time="0.000" /><testcase classname="tests.test_batch_processing.TestGitLabPatternMatching" name="test_wildcard_prefix" time="0.000" /><testcase classname="tests.test_batch_processing.TestGitLabPatternMatching" name="test_wildcard_group" time="0.000" /><testcase classname="tests.test_batch_processing.TestGitLabPatternMatching" name="test_wildcard_project" time="0.000" /><testcase classname="tests.test_batch_processing.TestGitLabPatternMatching" name="test_case_insensitive" time="0.000" /><testcase classname="tests.test_batch_processing.TestGitLabBatchResult" name="test_successful_result" time="0.000" /><testcase classname="tests.test_batch_processing.TestGitLabBatchResult" name="test_failed_result" time="0.000" /><testcase classname="tests.test_batch_processing.TestGitLabConnectorBatchProcessing" name="test_list_projects_with_pattern" time="0.001" /><testcase classname="tests.test_batch_processing.TestGitLabConnectorBatchProcessing" name="test_get_projects_with_stats_sync" time="0.001" /><testcase classname="tests.test_batch_processing.TestGitLabConnectorBatchProcessing" name="test_get_projects_with_stats_with_pattern" time="0.001" /><testcase classname="tests.test_batch_processing" name="test_async_batch_processing_handles_api_error_placeholder" time="0.001" /><testcase classname="tests.test_batch_processing.TestGitLabConnectorAsyncBatchProcessing" name="test_get_projects_with_stats_async" time="0.001" /><testcase classname="tests.test_batch_processing.TestGitLabConnectorAsyncBatchProcessing" name="test_get_projects_with_stats_async_with_pattern" time="0.001" /><testcase classname="tests.test_batch_processing.TestGitLabBatchProcessingErrorHandling" name="test_batch_processing_handles_api_error" time="3.005" /><testcase classname="tests.test_batch_processing.TestGitLabBatchProcessingErrorHandling" name="test_batch_processing_handles_partial_failure" time="3.011" /><testcase classname="tests.test_batch_processing.TestGitLabBatchProcessingErrorHandling" name="test_async_batch_processing_handles_api_error" time="3.007" /><testcase classname="tests.test_billing" name="test_webhook_rejects_invalid_signature" time="0.004" /><testcase classname="tests.test_billing" name="test_webhook_checkout_completed" time="0.003" /><testcase classname="tests.test_billing" name="test_webhook_subscription_deleted" time="0.003" /><testcase classname="tests.test_billing" name="test_webhook_payment_failed" time="0.002" /><testcase classname="tests.test_billing" name="test_webhook_unhandled_event" time="0.002" /><testcase classname="tests.test_billing" name="test_checkout_invalid_tier" time="0.003" /><testcase classname="tests.test_billing" name="test_checkout_no_price_configured" time="0.003" /><testcase classname="tests.test_billing" name="test_checkout_success" time="0.003" /><testcase classname="tests.test_billing" name="test_checkout_requires_auth" time="0.002" /><testcase classname="tests.test_billing" name="test_portal_no_customer" time="0.003" /><testcase classname="tests.test_billing" name="test_portal_success" time="0.003" /><testcase classname="tests.test_billing" name="test_entitlements_returns_current" time="0.002" /><testcase classname="tests.test_billing" name="test_map_price_id_to_tier" time="0.000" /><testcase classname="tests.test_billing" name="test_get_tier_from_line_items" time="0.000" /><testcase classname="tests.test_billing" name="test_get_tier_price_id" time="0.000" /><testcase classname="tests.test_checkpoints" name="test_mark_running_creates_new_checkpoint" time="0.010" /><testcase classname="tests.test_checkpoints" name="test_mark_running_updates_existing" time="0.010" /><testcase classname="tests.test_checkpoints" name="test_get_checkpoint_returns_none_for_missing" time="0.008" /><testcase classname="tests.test_checkpoints" name="test_get_checkpoint_returns_existing" time="0.008" /><testcase classname="tests.test_checkpoints" name="test_mark_completed_sets_status_and_timestamp" time="0.009" /><testcase classname="tests.test_checkpoints" name="test_mark_completed_raises_for_missing_id" time="0.008" /><testcase classname="tests.test_checkpoints" name="test_mark_failed_sets_status_and_error" time="0.009" /><testcase classname="tests.test_checkpoints" name="test_mark_failed_raises_for_missing_id" time="0.008" /><testcase classname="tests.test_checkpoints" name="test_is_completed_true_when_completed" time="0.009" /><testcase classname="tests.test_checkpoints" name="test_is_completed_false_when_running" time="0.009" /><testcase classname="tests.test_checkpoints" name="test_is_completed_false_when_no_checkpoint" time="0.008" /><testcase classname="tests.test_checkpoints" name="test_get_incomplete_repos" time="0.010" /><testcase classname="tests.test_checkpoints" name="test_reset_stale_running" time="0.010" /><testcase classname="tests.test_checkpoints" name="test_reset_stale_running_ignores_recent" time="0.009" /><testcase classname="tests.test_cli_metrics_complexity" name="test_complexity_cli_does_not_touch_git_paths" time="0.001" /><testcase classname="tests.test_clickhouse_org_id" name="test_dataclass_has_org_id_field[RepoMetricsDailyRecord]" time="0.000" /><testcase classname="tests.test_clickhouse_org_id" name="test_dataclass_has_org_id_field[UserMetricsDailyRecord]" time="0.000" /><testcase classname="tests.test_clickhouse_org_id" name="test_dataclass_has_org_id_field[CommitMetricsRecord]" time="0.000" /><testcase classname="tests.test_clickhouse_org_id" name="test_dataclass_has_org_id_field[FileMetricsRecord]" time="0.000" /><testcase classname="tests.test_clickhouse_org_id" name="test_dataclass_has_org_id_field[TeamMetricsDailyRecord]" time="0.000" /><testcase classname="tests.test_clickhouse_org_id" name="test_dataclass_has_org_id_field[WorkItemMetricsDailyRecord]" time="0.000" /><testcase classname="tests.test_clickhouse_org_id" name="test_dataclass_has_org_id_field[WorkItemUserMetricsDailyRecord]" time="0.000" /><testcase classname="tests.test_clickhouse_org_id" name="test_dataclass_has_org_id_field[WorkItemCycleTimeRecord]" time="0.000" /><testcase classname="tests.test_clickhouse_org_id" name="test_dataclass_has_org_id_field[WorkItemStateDurationDailyRecord]" time="0.000" /><testcase classname="tests.test_clickhouse_org_id" name="test_dataclass_has_org_id_field[ReviewEdgeDailyRecord]" time="0.000" /><testcase classname="tests.test_clickhouse_org_id" name="test_dataclass_has_org_id_field[CICDMetricsDailyRecord]" time="0.000" /><testcase classname="tests.test_clickhouse_org_id" name="test_dataclass_has_org_id_field[DeployMetricsDailyRecord]" time="0.000" /><testcase classname="tests.test_clickhouse_org_id" name="test_dataclass_has_org_id_field[IncidentMetricsDailyRecord]" time="0.000" /><testcase classname="tests.test_clickhouse_org_id" name="test_dataclass_has_org_id_field[DORAMetricsRecord]" time="0.000" /><testcase classname="tests.test_clickhouse_org_id" name="test_dataclass_has_org_id_field[ICLandscapeRollingRecord]" time="0.000" /><testcase classname="tests.test_clickhouse_org_id" name="test_dataclass_has_org_id_field[FileComplexitySnapshot]" time="0.000" /><testcase classname="tests.test_clickhouse_org_id" name="test_dataclass_has_org_id_field[RepoComplexityDaily]" time="0.000" /><testcase classname="tests.test_clickhouse_org_id" name="test_dataclass_has_org_id_field[FileHotspotDaily]" time="0.000" /><testcase classname="tests.test_clickhouse_org_id" name="test_dataclass_has_org_id_field[InvestmentClassificationRecord]" time="0.000" /><testcase classname="tests.test_clickhouse_org_id" name="test_dataclass_has_org_id_field[InvestmentMetricsRecord]" time="0.000" /><testcase classname="tests.test_clickhouse_org_id" name="test_dataclass_has_org_id_field[InvestmentExplanationRecord]" time="0.000" /><testcase classname="tests.test_clickhouse_org_id" name="test_dataclass_has_org_id_field[IssueTypeMetricsRecord]" time="0.000" /><testcase classname="tests.test_clickhouse_org_id" name="test_dataclass_has_org_id_field[WorkGraphEdgeRecord]" time="0.000" /><testcase classname="tests.test_clickhouse_org_id" name="test_dataclass_has_org_id_field[WorkGraphIssuePRRecord]" time="0.000" /><testcase classname="tests.test_clickhouse_org_id" name="test_dataclass_has_org_id_field[WorkGraphPRCommitRecord]" time="0.000" /><testcase classname="tests.test_clickhouse_org_id" name="test_dataclass_has_org_id_field[WorkUnitInvestmentRecord]" time="0.000" /><testcase classname="tests.test_clickhouse_org_id" name="test_dataclass_has_org_id_field[WorkUnitInvestmentEvidenceQuoteRecord]" time="0.000" /><testcase classname="tests.test_clickhouse_org_id" name="test_dataclass_has_org_id_field[Sprint]" time="0.000" /><testcase classname="tests.test_clickhouse_org_id" name="test_dataclass_has_org_id_field[Worklog]" time="0.000" /><testcase classname="tests.test_clickhouse_org_id" name="test_dataclass_has_org_id_field[WorkItemDependency]" time="0.000" /><testcase classname="tests.test_clickhouse_org_id" name="test_dataclass_has_org_id_field[WorkItemInteractionEvent]" time="0.000" /><testcase classname="tests.test_clickhouse_org_id" name="test_dataclass_has_org_id_field[WorkItemReopenEvent]" time="0.000" /><testcase classname="tests.test_clickhouse_org_id" name="test_dataclass_org_id_defaults_to_empty_string[RepoMetricsDailyRecord]" time="0.000" /><testcase classname="tests.test_clickhouse_org_id" name="test_dataclass_org_id_defaults_to_empty_string[UserMetricsDailyRecord]" time="0.000" /><testcase classname="tests.test_clickhouse_org_id" name="test_dataclass_org_id_defaults_to_empty_string[CommitMetricsRecord]" time="0.000" /><testcase classname="tests.test_clickhouse_org_id" name="test_dataclass_org_id_defaults_to_empty_string[FileMetricsRecord]" time="0.000" /><testcase classname="tests.test_clickhouse_org_id" name="test_dataclass_org_id_defaults_to_empty_string[TeamMetricsDailyRecord]" time="0.000" /><testcase classname="tests.test_clickhouse_org_id" name="test_dataclass_org_id_defaults_to_empty_string[WorkItemMetricsDailyRecord]" time="0.000" /><testcase classname="tests.test_clickhouse_org_id" name="test_dataclass_org_id_defaults_to_empty_string[WorkItemUserMetricsDailyRecord]" time="0.000" /><testcase classname="tests.test_clickhouse_org_id" name="test_dataclass_org_id_defaults_to_empty_string[WorkItemCycleTimeRecord]" time="0.000" /><testcase classname="tests.test_clickhouse_org_id" name="test_dataclass_org_id_defaults_to_empty_string[WorkItemStateDurationDailyRecord]" time="0.000" /><testcase classname="tests.test_clickhouse_org_id" name="test_dataclass_org_id_defaults_to_empty_string[ReviewEdgeDailyRecord]" time="0.000" /><testcase classname="tests.test_clickhouse_org_id" name="test_dataclass_org_id_defaults_to_empty_string[CICDMetricsDailyRecord]" time="0.000" /><testcase classname="tests.test_clickhouse_org_id" name="test_dataclass_org_id_defaults_to_empty_string[Deploy
[...]
classname="tests.test_token_pool.TestLeaseToken" name="test_returns_none_when_empty" time="0.001" /><testcase classname="tests.test_token_pool.TestLeaseToken" name="test_skips_cooling_down_tokens" time="0.001" /><testcase classname="tests.test_token_pool.TestLeaseToken" name="test_returns_token_after_cooldown_expires" time="0.001" /><testcase classname="tests.test_token_pool.TestLeaseToken" name="test_multiple_tokens_leased_in_sequence" time="0.001" /><testcase classname="tests.test_token_pool.TestLeaseToken" name="test_all_tokens_cooling_returns_none" time="0.001" /><testcase classname="tests.test_token_pool.TestReturnToken" name="test_makes_token_available_again" time="0.001" /><testcase classname="tests.test_token_pool.TestPenalizeToken" name="test_sets_cooldown" time="0.001" /><testcase classname="tests.test_token_pool.TestPenalizeToken" name="test_penalized_token_not_leased" time="0.001" /><testcase classname="tests.test_token_pool.TestRemoveToken" name="test_removes_from_pool" time="0.001" /><testcase classname="tests.test_token_pool.TestPoolSize" name="test_empty" time="0.000" /><testcase classname="tests.test_token_pool.TestPoolSize" name="test_after_register" time="0.001" /><testcase classname="tests.test_token_pool.TestAvailableCount" name="test_all_available" time="0.001" /><testcase classname="tests.test_token_pool.TestAvailableCount" name="test_one_cooling" time="0.001" /><testcase classname="tests.test_token_pool.TestAvailableCount" name="test_none_available" time="0.001" /><testcase classname="tests.test_token_pool.TestGracefulFallback" name="test_lease_returns_none_when_redis_unavailable" time="0.000" /><testcase classname="tests.test_token_pool.TestGracefulFallback" name="test_register_returns_hash_when_redis_unavailable" time="0.000" /><testcase classname="tests.test_token_pool.TestGracefulFallback" name="test_return_token_noop_when_redis_unavailable" time="0.000" /><testcase classname="tests.test_token_pool.TestGracefulFallback" name="test_penalize_noop_when_redis_unavailable" time="0.000" /><testcase classname="tests.test_token_pool.TestGracefulFallback" name="test_remove_noop_when_redis_unavailable" time="0.000" /><testcase classname="tests.test_token_pool.TestGracefulFallback" name="test_pool_size_zero_when_redis_unavailable" time="0.000" /><testcase classname="tests.test_token_pool.TestGracefulFallback" name="test_available_count_zero_when_redis_unavailable" time="0.000" /><testcase classname="tests.test_token_pool.TestGracefulFallback" name="test_redis_connection_failure_on_init" time="0.000" /><testcase classname="tests.test_token_pool.TestGracefulFallback" name="test_no_redis_url_env" time="0.000" /><testcase classname="tests.test_token_pool.TestRedisKeys" name="test_key_format" time="0.000" /><testcase classname="tests.test_token_pool.TestRedisKeys" name="test_custom_prefix" time="0.000" /><testcase classname="tests.test_token_pool.TestFactory" name="test_creates_pool_with_redis_url" time="0.001" /><testcase classname="tests.test_token_pool.TestFactory" name="test_creates_pool_without_redis_url" time="0.000" /><testcase classname="tests.test_token_pool.TestFactory" name="test_default_org_id" time="0.000" /><testcase classname="tests.test_token_pool.TestLuaScript" name="test_evalsha_receives_correct_args" time="0.001" /><testcase classname="tests.test_token_pool.TestLuaScript" name="test_eval_fallback_on_evalsha_failure" time="0.001" /><testcase classname="tests.test_token_pool.TestLuaScript" name="test_both_eval_fail_marks_unavailable" time="0.000" /><testcase classname="tests.test_utils.TestIsSkippable" name="test_skippable_extensions" time="0.000" /><testcase classname="tests.test_utils.TestIsSkippable" name="test_non_skippable_extensions" time="0.000" /><testcase classname="tests.test_utils.TestIsSkippable" name="test_case_insensitivity" time="0.000" /><testcase classname="tests.test_utils.TestIsSkippable" name="test_path_with_directories" time="0.000" /><testcase classname="tests.test_utils.TestIsSkippable" name="test_skip_extensions_set_is_complete" time="0.000" /><testcase classname="tests.test_utils.TestIsSkippable" name="test_hidden_files" time="0.000" /><testcase classname="tests.test_utils.TestIsSkippable" name="test_files_without_extensions" time="0.000" /><testcase classname="tests.test_utils.TestIsSkippable" name="test_extension_based_skips" time="0.000" /><testcase classname="tests.test_utils.TestDBEchoConfiguration" name="test_db_echo_defaults_to_false_when_not_set" time="0.000" /><testcase classname="tests.test_utils.TestDBEchoConfiguration" name="test_db_echo_true_for_true_value" time="0.000" /><testcase classname="tests.test_utils.TestDBEchoConfiguration" name="test_db_echo_true_for_uppercase_true" time="0.000" /><testcase classname="tests.test_utils.TestDBEchoConfiguration" name="test_db_echo_true_for_one" time="0.000" /><testcase classname="tests.test_utils.TestDBEchoConfiguration" name="test_db_echo_true_for_yes" time="0.000" /><testcase classname="tests.test_utils.TestDBEchoConfiguration" name="test_db_echo_true_for_uppercase_yes" time="0.000" /><testcase classname="tests.test_utils.TestDBEchoConfiguration" name="test_db_echo_false_for_false_value" time="0.000" /><testcase classname="tests.test_utils.TestDBEchoConfiguration" name="test_db_echo_false_for_zero" time="0.000" /><testcase classname="tests.test_utils.TestDBEchoConfiguration" name="test_db_echo_false_for_no" time="0.000" /><testcase classname="tests.test_utils.TestDBEchoConfiguration" name="test_db_echo_false_for_invalid_value" time="0.000" /><testcase classname="tests.test_utils.TestDBEchoConfiguration" name="test_db_echo_false_for_empty_string" time="0.000" /><testcase classname="tests.test_utils.TestBatchProcessingCLIArguments" name="test_github_pattern_argument" time="0.004" /><testcase classname="tests.test_utils.TestBatchProcessingCLIArguments" name="test_batch_processing_arguments_with_custom_values" time="0.004" /><testcase classname="tests.test_utils.TestBatchProcessingCLIArguments" name="test_use_async_flag_default_is_false" time="0.004" /><testcase classname="tests.test_utils.TestBatchProcessingCLIArguments" name="test_metrics_daily_provider_default_is_auto" time="0.004" /><testcase classname="tests.test_utils.TestBatchProcessingCLIArguments" name="test_use_async_flag_when_provided" time="0.004" /><testcase classname="tests.test_utils.TestBatchProcessingCLIArguments" name="test_gitlab_pattern_argument" time="0.004" /><testcase classname="tests.test_utils.TestBatchProcessingCLIArguments" name="test_grafana_subcommand_removed" time="0.004" /><testcase classname="tests.test_utils.TestBatchProcessingCLIArguments" name="test_gitlab_batch_processing_arguments_with_custom_values" time="0.004" /><testcase classname="tests.test_utils.TestSyncTimeWindowCLIArguments" name="test_sync_local_accepts_date_backfill" time="0.004" /><testcase classname="tests.test_utils.TestSyncTimeWindowCLIArguments" name="test_sync_local_rejects_since_and_date_together" time="0.004" /><testcase classname="tests.test_work_category_filters" name="test_investment_response_applies_work_category_filter" time="0.002" /><testcase classname="tests.test_work_category_filters" name="test_sankey_investment_applies_work_category_filter" time="0.001" /><testcase classname="tests.test_work_category_filters" name="test_sankey_investment_flow_query_avoids_maptoarray" time="0.000" /><testcase classname="tests.test_work_category_filters" name="test_investment_response_without_work_category_filter" time="0.002" /><testcase classname="tests.test_work_item_metrics_compute" name="test_work_item_cycle_time_percentiles" time="0.000" /><testcase classname="tests.test_work_item_state_durations_compute" name="test_time_in_state_is_bucketed_to_day" time="0.000" /><testcase classname="tests.test_work_item_unassigned_metrics" name="test_unassigned_completed_items_are_tracked" time="0.000" /><testcase classname="tests.utils.test_normalization.TestClamp" name="test_clamp_within_bounds" time="0.000" /><testcase classname="tests.utils.test_normalization.TestClamp" name="test_clamp_below_low" time="0.000" /><testcase classname="tests.utils.test_normalization.TestClamp" name="test_clamp_above_high" time="0.000" /><testcase classname="tests.utils.test_normalization.TestClamp" name="test_clamp_custom_bounds" time="0.000" /><testcase classname="tests.utils.test_normalization.TestNormalizeScores" name="test_normalize_positive_scores" time="0.000" /><testcase classname="tests.utils.test_normalization.TestNormalizeScores" name="test_normalize_zero_total" time="0.000" /><testcase classname="tests.utils.test_normalization.TestNormalizeScores" name="test_normalize_missing_keys" time="0.000" /><testcase classname="tests.utils.test_normalization.TestEvidenceQualityBand" name="test_high_band" time="0.000" /><testcase classname="tests.utils.test_normalization.TestEvidenceQualityBand" name="test_moderate_band" time="0.000" /><testcase classname="tests.utils.test_normalization.TestEvidenceQualityBand" name="test_low_band" time="0.000" /><testcase classname="tests.utils.test_normalization.TestEvidenceQualityBand" name="test_very_low_band" time="0.000" /><testcase classname="tests.utils.test_normalization.TestWorkUnitId" name="test_deterministic_id" time="0.000" /><testcase classname="tests.utils.test_normalization.TestWorkUnitId" name="test_order_independent" time="0.000" /><testcase classname="tests.utils.test_normalization.TestWorkUnitId" name="test_different_nodes_different_id" time="0.000" /><testcase classname="tests.utils.test_normalization.TestWorkUnitId" name="test_sha256_hex_length" time="0.000" /><testcase classname="tests.utils.test_normalization.TestRollupSubcategoriesToThemes" name="test_basic_rollup" time="0.000" /><testcase classname="tests.utils.test_normalization.TestRollupSubcategoriesToThemes" name="test_mixed_themes" time="0.000" /><testcase classname="tests.utils.test_normalization.TestRollupSubcategoriesToThemes" name="test_unknown_subcategory_ignored" time="0.000" /><testcase classname="tests.utils.test_normalization.TestEnsureFullSubcategoryVector" name="test_fills_missing_keys" time="0.000" /><testcase classname="tests.utils.test_normalization.TestEnsureFullSubcategoryVector" name="test_preserves_existing_ratios" time="0.000" /><testcase classname="tests.utils.test_normalization.TestEnsureFullSubcategoryVector" name="test_empty_input" time="0.000" /><testcase classname="tests.work_graph.test_builder.TestBuildConfig" name="test_defaults" time="0.000" /><testcase classname="tests.work_graph.test_builder.TestBuildConfig" name="test_custom_values" time="0.000" /><testcase classname="tests.work_graph.test_builder.TestWorkGraphBuilder" name="test_init" time="0.001" /><testcase classname="tests.work_graph.test_builder.TestHeuristicMatching" name="test_heuristic_finds_closest_pr_in_window" time="0.001" /><testcase classname="tests.work_graph.test_builder.TestHeuristicMatching" name="test_heuristic_excludes_prs_outside_window" time="0.001" /><testcase classname="tests.work_graph.test_builder.TestHeuristicMatching" name="test_heuristic_skips_explicit_links" time="0.001" /><testcase classname="tests.work_graph.test_builder.TestWorkGraphBuilderIntegration" name="test_full_build" time="0.000"><skipped type="pytest.skip" message="Requires ClickHouse instance">/Users/chris/projects/full-chaos/dev-health-ops/tests/work_graph/test_builder.py:262: Requires ClickHouse instance</skipped></testcase><testcase classname="tests.work_graph.test_builder.TestWorkGraphBuilderIntegration" name="test_incremental_build" time="0.000"><skipped type="pytest.skip" message="Requires ClickHouse instance">/Users/chris/projects/full-chaos/dev-health-ops/tests/work_graph/test_builder.py:267: Requires ClickHouse instance</skipped></testcase><testcase classname="tests.work_graph.test_ids.TestGenerateEdgeId" name="test_deterministic" time="0.000" /><testcase classname="tests.work_graph.test_ids.TestGenerateEdgeId" name="test_different_inputs_different_ids" time="0.000" /><testcase classname="tests.work_graph.test_ids.TestGenerateEdgeId" name="test_order_matters" time="0.000" /><testcase classname="tests.work_graph.test_ids.TestGenerateEdgeId" name="test_returns_hex_string" time="0.000" /><testcase classname="tests.work_graph.test_ids.TestGenerateIssueId" name="test_jira_format" time="0.000" /><testcase classname="tests.work_graph.test_ids.TestGenerateIssueId" name="test_github_format" time="0.000" /><testcase classname="tests.work_graph.test_ids.TestGenerateIssueId" name="test_gitlab_format" time="0.000" /><testcase classname="tests.work_graph.test_ids.TestGenerateIssueId" name="test_deterministic" time="0.000" /><testcase classname="tests.work_graph.test_ids.TestGenerateIssueId" name="test_different_keys" time="0.000" /><testcase classname="tests.work_graph.test_ids.TestGeneratePrId" name="test_pr_id" time="0.000" /><testcase classname="tests.work_graph.test_ids.TestGeneratePrId" name="test_deterministic" time="0.000" /><testcase classname="tests.work_graph.test_ids.TestGeneratePrId" name="test_different_repos" time="0.000" /><testcase classname="tests.work_graph.test_ids.TestGeneratePrId" name="test_different_numbers" time="0.000" /><testcase classname="tests.work_graph.test_ids.TestGenerateCommitId" name="test_sha_format" time="0.000" /><testcase classname="tests.work_graph.test_ids.TestGenerateCommitId" name="test_deterministic" time="0.000" /><testcase classname="tests.work_graph.test_ids.TestGenerateCommitId" name="test_different_shas" time="0.000" /><testcase classname="tests.work_graph.test_ids.TestGenerateFileId" name="test_file_path" time="0.000" /><testcase classname="tests.work_graph.test_ids.TestGenerateFileId" name="test_deterministic" time="0.000" /><testcase classname="tests.work_graph.test_ids.TestGenerateFileId" name="test_different_paths" time="0.000" /><testcase classname="tests.work_graph.test_ids.TestGenerateFileId" name="test_different_repos" time="0.000" /><testcase classname="tests.work_graph.test_investment_categorize" name="test_retry_limit_and_fallback" time="0.001" /><testcase classname="tests.work_graph.test_investment_categorize" name="test_repaired_status" time="0.000" /><testcase classname="tests.work_graph.test_investment_helpers" name="test_min_evidence_chars_constant" time="0.000" /><testcase classname="tests.work_graph.test_investment_helpers" name="test_ensure_utc_parses_and_normalizes_values" time="0.000" /><testcase classname="tests.work_graph.test_investment_helpers" name="test_compute_time_bounds_across_issue_pr_commit_nodes" time="0.000" /><testcase classname="tests.work_graph.test_investment_helpers" name="test_build_text_bundle_and_quality_score" time="0.000" /><testcase classname="tests.work_graph.test_investment_helpers" name="test_queries_fetch_work_items_empty_short_circuit" time="0.000" /><testcase classname="tests.work_graph.test_investment_helpers" name="test_queries_helpers_build_expected_params" time="0.000" /><testcase classname="tests.work_graph.test_investment_materialize" name="test_materialize_invokes_sink" time="0.001" /><testcase classname="tests.work_graph.test_investment_materialize" name="test_materialize_does_not_write_files" time="0.001" /><testcase classname="tests.work_graph.test_llm_schema" name="test_rejects_unknown_keys_and_extra_keys" time="0.000" /><testcase classname="tests.work_graph.test_llm_schema" name="test_probabilities_normalize_to_one" time="0.000" /><testcase classname="tests.work_graph.test_llm_schema" name="test_evidence_quote_must_be_substring" time="0.000" /><testcase classname="tests.work_graph.test_llm_schema" name="test_parse_llm_json_strict" time="0.000" /><testcase classname="tests.work_graph.test_models.TestNodeType" name="test_all_types_exist" time="0.000" /><testcase classname="tests.work_graph.test_models.TestEdgeType" name="test_issue_relationships" time="0.000" /><testcase classname="tests.work_graph.test_models.TestEdgeType" name="test_issue_pr_relationships" time="0.000" /><testcase classname="tests.work_graph.test_models.TestEdgeType" name="test_pr_commit_relationships" time="0.000" /><testcase classname="tests.work_graph.test_models.TestEdgeType" name="test_commit_file_relationships" time="0.000" /><testcase classname="tests.work_graph.test_models.TestProvenance" name="test_all_types_exist" time="0.000" /><testcase classname="tests.work_graph.test_models.TestWorkGraphEdge" name="test_create_edge" time="0.000" /><testcase classname="tests.work_graph.test_models.TestWorkGraphEdge" name="test_confidence_validation" time="0.000" /><testcase classname="tests.work_graph.test_models.TestWorkGraphEdge" name="test_frozen" time="0.000" /><testcase classname="tests.work_graph.test_models.TestWorkGraphIssuePR" name="test_create_issue_pr" time="0.000" /><testcase classname="tests.work_graph.test_models.TestWorkGraphIssuePR" name="test_frozen" time="0.000" /><testcase classname="tests.work_graph.test_models.TestWorkGraphPRCommit" name="test_create_pr_commit" time="0.000" /><testcase classname="tests.work_graph.test_models.TestWorkGraphPRCommit" name="test_frozen" time="0.000" /><testcase classname="tests.work_graph.test_no_file_writes" name="test_no_file_writes_in_work_graph" time="0.000" /><testcase classname="tests.work_graph.test_text_parser.TestExtractJiraKeys" name="test_simple_key" time="0.000" /><testcase classname="tests.work_graph.test_text_parser.TestExtractJiraKeys" name="test_multiple_keys" time="0.000" /><testcase classname="tests.work_graph.test_text_parser.TestExtractJiraKeys" name="test_duplicate_keys_preserved" time="0.000" /><testcase classname="tests.work_graph.test_text_parser.TestExtractJiraKeys" name="test_no_keys" time="0.000" /><testcase classname="tests.work_graph.test_text_parser.TestExtractJiraKeys" name="test_uppercase_key" time="0.000" /><testcase classname="tests.work_graph.test_text_parser.TestExtractJiraKeys" name="test_key_in_url" time="0.000" /><testcase classname="tests.work_graph.test_text_parser.TestExtractJiraKeys" name="test_project_key_extracted" time="0.000" /><testcase classname="tests.work_graph.test_text_parser.TestExtractJiraKeys" name="test_empty_text" time="0.000" /><testcase classname="tests.work_graph.test_text_parser.TestExtractJiraKeys" name="test_none_text" time="0.000" /><testcase classname="tests.work_graph.test_text_parser.TestExtractGitHubIssueRefs" name="test_simple_hash_ref" time="0.000" /><testcase classname="tests.work_graph.test_text_parser.TestExtractGitHubIssueRefs" name="test_closes_keyword" time="0.000" /><testcase classname="tests.work_graph.test_text_parser.TestExtractGitHubIssueRefs" name="test_fixes_keyword" time="0.000" /><testcase classname="tests.work_graph.test_text_parser.TestExtractGitHubIssueRefs" name="test_resolves_keyword" time="0.000" /><testcase classname="tests.work_graph.test_text_parser.TestExtractGitHubIssueRefs" name="test_multiple_refs" time="0.000" /><testcase classname="tests.work_graph.test_text_parser.TestExtractGitHubIssueRefs" name="test_no_refs" time="0.000" /><testcase classname="tests.work_graph.test_text_parser.TestExtractGitHubIssueRefs" name="test_empty_text" time="0.000" /><testcase classname="tests.work_graph.test_text_parser.TestExtractGitLabIssueRefs" name="test_simple_hash_ref" time="0.000" /><testcase classname="tests.work_graph.test_text_parser.TestExtractGitLabIssueRefs" name="test_closes_keyword" time="0.000" /><testcase classname="tests.work_graph.test_text_parser.TestExtractGitLabIssueRefs" name="test_no_refs" time="0.000" /><testcase classname="tests.work_graph.test_text_parser.TestExtractGitLabIssueRefs" name="test_empty_text" time="0.000" /><testcase classname="tests.work_graph.test_text_parser.TestParsedIssueRef" name="test_creation" time="0.000" /><testcase classname="tests.work_graph.test_text_parser.TestParsedIssueRef" name="test_with_project_key" time="0.000" /><testcase classname="tests.work_graph.test_text_parser.TestParsedIssueRef" name="test_frozen" time="0.001" /></testsuite></testsuites>